This is XeTeX, Version 3.141592653-2.6-0.999997 (TeX Live 2025) (preloaded format=xelatex 2025.3.12)  28 MAR 2025 15:43
entering extended mode
 restricted \write18 enabled.
 file:line:error style messages enabled.
 %&-line parsing enabled.
**LNG3100-9-TO1.tex
(./LNG3100-9-TO1.tex
LaTeX2e <2024-11-01> patch level 2
L3 programming layer <2025-01-18>
(/usr/local/texlive/2025/texmf-dist/tex/latex/beamer/beamer.cls
Document Class: beamer 2025/02/04 v3.72 A class for typesetting presentations
(/usr/local/texlive/2025/texmf-dist/tex/latex/beamer/beamerbasemodes.sty (/usr/local/texlive/2025/texmf-dist/tex/latex/etoolbox/etoolbox.sty
Package: etoolbox 2025/02/11 v2.5l e-TeX tools for LaTeX (JAW)
\etb@tempcnta=\count192
)
\beamer@tempbox=\box52
\beamer@tempcount=\count193
\c@beamerpauses=\count194
 (/usr/local/texlive/2025/texmf-dist/tex/latex/beamer/beamerbasedecode.sty
\beamer@slideinframe=\count195
\beamer@minimum=\count196
\beamer@decode@box=\box53
)
\beamer@commentbox=\box54
\beamer@modecount=\count197
) (/usr/local/texlive/2025/texmf-dist/tex/generic/iftex/iftex.sty
Package: iftex 2024/12/12 v1.0g TeX engine tests
)
\headdp=\dimen141
\footheight=\dimen142
\sidebarheight=\dimen143
\beamer@tempdim=\dimen144
\beamer@finalheight=\dimen145
\beamer@animht=\dimen146
\beamer@animdp=\dimen147
\beamer@animwd=\dimen148
\beamer@leftmargin=\dimen149
\beamer@rightmargin=\dimen150
\beamer@leftsidebar=\dimen151
\beamer@rightsidebar=\dimen152
\beamer@boxsize=\dimen153
\beamer@vboxoffset=\dimen154
\beamer@descdefault=\dimen155
\beamer@descriptionwidth=\dimen156
\beamer@lastskip=\skip49
\beamer@areabox=\box55
\beamer@animcurrent=\box56
\beamer@animshowbox=\box57
\beamer@sectionbox=\box58
\beamer@logobox=\box59
\beamer@linebox=\box60
\beamer@sectioncount=\count198
\beamer@subsubsectionmax=\count199
\beamer@subsectionmax=\count266
\beamer@sectionmax=\count267
\beamer@totalheads=\count268
\beamer@headcounter=\count269
\beamer@partstartpage=\count270
\beamer@sectionstartpage=\count271
\beamer@subsectionstartpage=\count272
\beamer@animationtempa=\count273
\beamer@animationtempb=\count274
\beamer@xpos=\count275
\beamer@ypos=\count276
\beamer@ypos@offset=\count277
\beamer@showpartnumber=\count278
\beamer@currentsubsection=\count279
\beamer@coveringdepth=\count280
\beamer@sectionadjust=\count281
\beamer@toclastsection=\count282
\beamer@tocsectionnumber=\count283
 (/usr/local/texlive/2025/texmf-dist/tex/latex/beamer/beamerbaseoptions.sty (/usr/local/texlive/2025/texmf-dist/tex/latex/graphics/keyval.sty
Package: keyval 2022/05/29 v1.15 key=value parser (DPC)
\KV@toks@=\toks17
))
\beamer@paperwidth=\skip50
\beamer@paperheight=\skip51
 (/usr/local/texlive/2025/texmf-dist/tex/latex/geometry/geometry.sty
Package: geometry 2020/01/02 v5.9 Page Geometry
 (/usr/local/texlive/2025/texmf-dist/tex/generic/iftex/ifvtex.sty
Package: ifvtex 2019/10/25 v1.7 ifvtex legacy package. Use iftex instead.
)
\Gm@cnth=\count284
\Gm@cntv=\count285
\c@Gm@tempcnt=\count286
\Gm@bindingoffset=\dimen157
\Gm@wd@mp=\dimen158
\Gm@odd@mp=\dimen159
\Gm@even@mp=\dimen160
\Gm@layoutwidth=\dimen161
\Gm@layoutheight=\dimen162
\Gm@layouthoffset=\dimen163
\Gm@layoutvoffset=\dimen164
\Gm@dimlist=\toks18
) (/usr/local/texlive/2025/texmf-dist/tex/latex/pgf/math/pgfmath.sty (/usr/local/texlive/2025/texmf-dist/tex/latex/pgf/utilities/pgfrcs.sty (/usr/local/texlive/2025/texmf-dist/tex/generic/pgf/utilities/pgfutil-common.tex
\pgfutil@everybye=\toks19
\pgfutil@tempdima=\dimen165
\pgfutil@tempdimb=\dimen166
) (/usr/local/texlive/2025/texmf-dist/tex/generic/pgf/utilities/pgfutil-latex.def
\pgfutil@abb=\box61
) (/usr/local/texlive/2025/texmf-dist/tex/generic/pgf/utilities/pgfrcs.code.tex (/usr/local/texlive/2025/texmf-dist/tex/generic/pgf/pgf.revision.tex)
Package: pgfrcs 2023-01-15 v3.1.10 (3.1.10)
)) (/usr/local/texlive/2025/texmf-dist/tex/latex/pgf/utilities/pgfkeys.sty (/usr/local/texlive/2025/texmf-dist/tex/generic/pgf/utilities/pgfkeys.code.tex
\pgfkeys@pathtoks=\toks20
\pgfkeys@temptoks=\toks21
 (/usr/local/texlive/2025/texmf-dist/tex/generic/pgf/utilities/pgfkeyslibraryfiltered.code.tex
\pgfkeys@tmptoks=\toks22
))) (/usr/local/texlive/2025/texmf-dist/tex/generic/pgf/math/pgfmath.code.tex (/usr/local/texlive/2025/texmf-dist/tex/generic/pgf/math/pgfmathutil.code.tex
\pgf@x=\dimen167
\pgf@xa=\dimen168
\pgf@xb=\dimen169
\pgf@xc=\dimen170
\pgf@y=\dimen171
\pgf@ya=\dimen172
\pgf@yb=\dimen173
\pgf@yc=\dimen174
\c@pgf@counta=\count287
\c@pgf@countb=\count288
\c@pgf@countc=\count289
\c@pgf@countd=\count290
) (/usr/local/texlive/2025/texmf-dist/tex/generic/pgf/math/pgfmathparser.code.tex
\pgfmath@dimen=\dimen175
\pgfmath@count=\count291
\pgfmath@box=\box62
\pgfmath@toks=\toks23
\pgfmath@stack@operand=\toks24
\pgfmath@stack@operation=\toks25
) (/usr/local/texlive/2025/texmf-dist/tex/generic/pgf/math/pgfmathfunctions.code.tex) (/usr/local/texlive/2025/texmf-dist/tex/generic/pgf/math/pgfmathfunctions.basic.code.tex) (/usr/local/texlive/2025/texmf-dist/tex/generic/pgf/math/pgfmathfunctions.trigonometric.code.tex) (/usr/local/texlive/2025/texmf-dist/tex/generic/pgf/math/pgfmathfunctions.random.code.tex) (/usr/local/texlive/2025/texmf-dist/tex/generic/pgf/math/pgfmathfunctions.comparison.code.tex) (/usr/local/texlive/2025/texmf-dist/tex/generic/pgf/math/pgfmathfunctions.base.code.tex)
(/usr/local/texlive/2025/texmf-dist/tex/generic/pgf/math/pgfmathfunctions.round.code.tex) (/usr/local/texlive/2025/texmf-dist/tex/generic/pgf/math/pgfmathfunctions.misc.code.tex) (/usr/local/texlive/2025/texmf-dist/tex/generic/pgf/math/pgfmathfunctions.integerarithmetics.code.tex) (/usr/local/texlive/2025/texmf-dist/tex/generic/pgf/math/pgfmathcalc.code.tex) (/usr/local/texlive/2025/texmf-dist/tex/generic/pgf/math/pgfmathfloat.code.tex
\c@pgfmathroundto@lastzeros=\count292
))) (/usr/local/texlive/2025/texmf-dist/tex/latex/base/size10.clo
File: size10.clo 2024/06/29 v1.4n Standard LaTeX file (size option)
) (/usr/local/texlive/2025/texmf-dist/tex/latex/pgf/basiclayer/pgfcore.sty (/usr/local/texlive/2025/texmf-dist/tex/latex/graphics/graphicx.sty
Package: graphicx 2021/09/16 v1.2d Enhanced LaTeX Graphics (DPC,SPQR)
 (/usr/local/texlive/2025/texmf-dist/tex/latex/graphics/graphics.sty
Package: graphics 2024/08/06 v1.4g Standard LaTeX Graphics (DPC,SPQR)
 (/usr/local/texlive/2025/texmf-dist/tex/latex/graphics/trig.sty
Package: trig 2023/12/02 v1.11 sin cos tan (DPC)
) (/usr/local/texlive/2025/texmf-dist/tex/latex/graphics-cfg/graphics.cfg
File: graphics.cfg 2016/06/04 v1.11 sample graphics configuration
)
Package graphics Info: Driver file: xetex.def on input line 106.
 (/usr/local/texlive/2025/texmf-dist/tex/latex/graphics-def/xetex.def
File: xetex.def 2022/09/22 v5.0n Graphics/color driver for xetex
))
\Gin@req@height=\dimen176
\Gin@req@width=\dimen177
) (/usr/local/texlive/2025/texmf-dist/tex/latex/pgf/systemlayer/pgfsys.sty (/usr/local/texlive/2025/texmf-dist/tex/generic/pgf/systemlayer/pgfsys.code.tex
Package: pgfsys 2023-01-15 v3.1.10 (3.1.10)
\pgf@x=\dimen178
\pgf@y=\dimen179
\pgf@xa=\dimen180
\pgf@ya=\dimen181
\pgf@xb=\dimen182
\pgf@yb=\dimen183
\pgf@xc=\dimen184
\pgf@yc=\dimen185
\pgf@xd=\dimen186
\pgf@yd=\dimen187
\w@pgf@writea=\write3
\r@pgf@reada=\read2
\c@pgf@counta=\count293
\c@pgf@countb=\count294
\c@pgf@countc=\count295
\c@pgf@countd=\count296
\t@pgf@toka=\toks26
\t@pgf@tokb=\toks27
\t@pgf@tokc=\toks28
\pgf@sys@id@count=\count297
 (/usr/local/texlive/2025/texmf-dist/tex/generic/pgf/systemlayer/pgf.cfg
File: pgf.cfg 2023-01-15 v3.1.10 (3.1.10)
)
Driver file for pgf: pgfsys-xetex.def
 (/usr/local/texlive/2025/texmf-dist/tex/generic/pgf/systemlayer/pgfsys-xetex.def
File: pgfsys-xetex.def 2023-01-15 v3.1.10 (3.1.10)
 (/usr/local/texlive/2025/texmf-dist/tex/generic/pgf/systemlayer/pgfsys-dvipdfmx.def
File: pgfsys-dvipdfmx.def 2023-01-15 v3.1.10 (3.1.10)
 (/usr/local/texlive/2025/texmf-dist/tex/generic/pgf/systemlayer/pgfsys-common-pdf.def
File: pgfsys-common-pdf.def 2023-01-15 v3.1.10 (3.1.10)
)
\pgfsys@objnum=\count298
))) (/usr/local/texlive/2025/texmf-dist/tex/generic/pgf/systemlayer/pgfsyssoftpath.code.tex
File: pgfsyssoftpath.code.tex 2023-01-15 v3.1.10 (3.1.10)
\pgfsyssoftpath@smallbuffer@items=\count299
\pgfsyssoftpath@bigbuffer@items=\count300
) (/usr/local/texlive/2025/texmf-dist/tex/generic/pgf/systemlayer/pgfsysprotocol.code.tex
File: pgfsysprotocol.code.tex 2023-01-15 v3.1.10 (3.1.10)
)) (/usr/local/texlive/2025/texmf-dist/tex/latex/xcolor/xcolor.sty
Package: xcolor 2024/09/29 v3.02 LaTeX color extensions (UK)
 (/usr/local/texlive/2025/texmf-dist/tex/latex/graphics-cfg/color.cfg
File: color.cfg 2016/01/02 v1.6 sample color configuration
)
Package xcolor Info: Driver file: xetex.def on input line 274.
 (/usr/local/texlive/2025/texmf-dist/tex/latex/graphics/mathcolor.ltx)
Package xcolor Info: Model `cmy' substituted by `cmy0' on input line 1349.
Package xcolor Info: Model `RGB' extended on input line 1365.
Package xcolor Info: Model `HTML' substituted by `rgb' on input line 1367.
Package xcolor Info: Model `Hsb' substituted by `hsb' on input line 1368.
Package xcolor Info: Model `tHsb' substituted by `hsb' on input line 1369.
Package xcolor Info: Model `HSB' substituted by `hsb' on input line 1370.
Package xcolor Info: Model `Gray' substituted by `gray' on input line 1371.
Package xcolor Info: Model `wave' substituted by `hsb' on input line 1372.
) (/usr/local/texlive/2025/texmf-dist/tex/latex/graphics/dvipsnam.def
File: dvipsnam.def 2016/06/17 v3.0m Driver-dependent file (DPC,SPQR)
) (/usr/local/texlive/2025/texmf-dist/tex/generic/pgf/basiclayer/pgfcore.code.tex
Package: pgfcore 2023-01-15 v3.1.10 (3.1.10)
 (/usr/local/texlive/2025/texmf-dist/tex/generic/pgf/math/pgfint.code.tex)
(/usr/local/texlive/2025/texmf-dist/tex/generic/pgf/basiclayer/pgfcorepoints.code.tex
File: pgfcorepoints.code.tex 2023-01-15 v3.1.10 (3.1.10)
\pgf@picminx=\dimen188
\pgf@picmaxx=\dimen189
\pgf@picminy=\dimen190
\pgf@picmaxy=\dimen191
\pgf@pathminx=\dimen192
\pgf@pathmaxx=\dimen193
\pgf@pathminy=\dimen194
\pgf@pathmaxy=\dimen195
\pgf@xx=\dimen196
\pgf@xy=\dimen197
\pgf@yx=\dimen198
\pgf@yy=\dimen199
\pgf@zx=\dimen256
\pgf@zy=\dimen257
) (/usr/local/texlive/2025/texmf-dist/tex/generic/pgf/basiclayer/pgfcorepathconstruct.code.tex
File: pgfcorepathconstruct.code.tex 2023-01-15 v3.1.10 (3.1.10)
\pgf@path@lastx=\dimen258
\pgf@path@lasty=\dimen259
) (/usr/local/texlive/2025/texmf-dist/tex/generic/pgf/basiclayer/pgfcorepathusage.code.tex
File: pgfcorepathusage.code.tex 2023-01-15 v3.1.10 (3.1.10)
\pgf@shorten@end@additional=\dimen260
\pgf@shorten@start@additional=\dimen261
) (/usr/local/texlive/2025/texmf-dist/tex/generic/pgf/basiclayer/pgfcorescopes.code.tex
File: pgfcorescopes.code.tex 2023-01-15 v3.1.10 (3.1.10)
\pgfpic=\box63
\pgf@hbox=\box64
\pgf@layerbox@main=\box65
\pgf@picture@serial@count=\count301
) (/usr/local/texlive/2025/texmf-dist/tex/generic/pgf/basiclayer/pgfcoregraphicstate.code.tex
File: pgfcoregraphicstate.code.tex 2023-01-15 v3.1.10 (3.1.10)
\pgflinewidth=\dimen262
) (/usr/local/texlive/2025/texmf-dist/tex/generic/pgf/basiclayer/pgfcoretransformations.code.tex
File: pgfcoretransformations.code.tex 2023-01-15 v3.1.10 (3.1.10)
\pgf@pt@x=\dimen263
\pgf@pt@y=\dimen264
\pgf@pt@temp=\dimen265
) (/usr/local/texlive/2025/texmf-dist/tex/generic/pgf/basiclayer/pgfcorequick.code.tex
File: pgfcorequick.code.tex 2023-01-15 v3.1.10 (3.1.10)
) (/usr/local/texlive/2025/texmf-dist/tex/generic/pgf/basiclayer/pgfcoreobjects.code.tex
File: pgfcoreobjects.code.tex 2023-01-15 v3.1.10 (3.1.10)
) (/usr/local/texlive/2025/texmf-dist/tex/generic/pgf/basiclayer/pgfcorepathprocessing.code.tex
File: pgfcorepathprocessing.code.tex 2023-01-15 v3.1.10 (3.1.10)
) (/usr/local/texlive/2025/texmf-dist/tex/generic/pgf/basiclayer/pgfcorearrows.code.tex
File: pgfcorearrows.code.tex 2023-01-15 v3.1.10 (3.1.10)
\pgfarrowsep=\dimen266
) (/usr/local/texlive/2025/texmf-dist/tex/generic/pgf/basiclayer/pgfcoreshade.code.tex
File: pgfcoreshade.code.tex 2023-01-15 v3.1.10 (3.1.10)
\pgf@max=\dimen267
\pgf@sys@shading@range@num=\count302
\pgf@shadingcount=\count303
) (/usr/local/texlive/2025/texmf-dist/tex/generic/pgf/basiclayer/pgfcoreimage.code.tex
File: pgfcoreimage.code.tex 2023-01-15 v3.1.10 (3.1.10)
) (/usr/local/texlive/2025/texmf-dist/tex/generic/pgf/basiclayer/pgfcoreexternal.code.tex
File: pgfcoreexternal.code.tex 2023-01-15 v3.1.10 (3.1.10)
\pgfexternal@startupbox=\box66
) (/usr/local/texlive/2025/texmf-dist/tex/generic/pgf/basiclayer/pgfcorelayers.code.tex
File: pgfcorelayers.code.tex 2023-01-15 v3.1.10 (3.1.10)
) (/usr/local/texlive/2025/texmf-dist/tex/generic/pgf/basiclayer/pgfcoretransparency.code.tex
File: pgfcoretransparency.code.tex 2023-01-15 v3.1.10 (3.1.10)
) (/usr/local/texlive/2025/texmf-dist/tex/generic/pgf/basiclayer/pgfcorepatterns.code.tex
File: pgfcorepatterns.code.tex 2023-01-15 v3.1.10 (3.1.10)
) (/usr/local/texlive/2025/texmf-dist/tex/generic/pgf/basiclayer/pgfcorerdf.code.tex
File: pgfcorerdf.code.tex 2023-01-15 v3.1.10 (3.1.10)
))) (/usr/local/texlive/2025/texmf-dist/tex/latex/pgf/utilities/xxcolor.sty
Package: xxcolor 2003/10/24 ver 0.1
\XC@nummixins=\count304
\XC@countmixins=\count305
) (/usr/local/texlive/2025/texmf-dist/tex/latex/base/atbegshi-ltx.sty
Package: atbegshi-ltx 2021/01/10 v1.0c Emulation of the original atbegshi
package with kernel methods
) (/usr/local/texlive/2025/texmf-dist/tex/latex/hyperref/hyperref.sty
Package: hyperref 2024-11-05 v7.01l Hypertext links for LaTeX
 (/usr/local/texlive/2025/texmf-dist/tex/latex/kvsetkeys/kvsetkeys.sty
Package: kvsetkeys 2022-10-05 v1.19 Key value parser (HO)
) (/usr/local/texlive/2025/texmf-dist/tex/generic/kvdefinekeys/kvdefinekeys.sty
Package: kvdefinekeys 2019-12-19 v1.6 Define keys (HO)
) (/usr/local/texlive/2025/texmf-dist/tex/generic/pdfescape/pdfescape.sty
Package: pdfescape 2019/12/09 v1.15 Implements pdfTeX's escape features (HO)
 (/usr/local/texlive/2025/texmf-dist/tex/generic/ltxcmds/ltxcmds.sty
Package: ltxcmds 2023-12-04 v1.26 LaTeX kernel commands for general use (HO)
)
(/usr/local/texlive/2025/texmf-dist/tex/generic/pdftexcmds/pdftexcmds.sty
Package: pdftexcmds 2020-06-27 v0.33 Utility functions of pdfTeX for LuaTeX (HO)
 (/usr/local/texlive/2025/texmf-dist/tex/generic/infwarerr/infwarerr.sty
Package: infwarerr 2019/12/03 v1.5 Providing info/warning/error messages (HO)
)
Package pdftexcmds Info: \pdf@primitive is available.
Package pdftexcmds Info: \pdf@ifprimitive is available.
Package pdftexcmds Info: \pdfdraftmode not found.
)) (/usr/local/texlive/2025/texmf-dist/tex/latex/hycolor/hycolor.sty
Package: hycolor 2020-01-27 v1.10 Color options for hyperref/bookmark (HO)
) (/usr/local/texlive/2025/texmf-dist/tex/latex/hyperref/nameref.sty
Package: nameref 2023-11-26 v2.56 Cross-referencing by name of section
 (/usr/local/texlive/2025/texmf-dist/tex/latex/refcount/refcount.sty
Package: refcount 2019/12/15 v3.6 Data extraction from label references (HO)
) (/usr/local/texlive/2025/texmf-dist/tex/generic/gettitlestring/gettitlestring.sty
Package: gettitlestring 2019/12/15 v1.6 Cleanup title references (HO)
 (/usr/local/texlive/2025/texmf-dist/tex/latex/kvoptions/kvoptions.sty
Package: kvoptions 2022-06-15 v3.15 Key value format for package options (HO)
))
\c@section@level=\count306
) (/usr/local/texlive/2025/texmf-dist/tex/generic/stringenc/stringenc.sty
Package: stringenc 2019/11/29 v1.12 Convert strings between diff. encodings (HO)
)
\@linkdim=\dimen268
\Hy@linkcounter=\count307
\Hy@pagecounter=\count308
 (/usr/local/texlive/2025/texmf-dist/tex/latex/hyperref/pd1enc.def
File: pd1enc.def 2024-11-05 v7.01l Hyperref: PDFDocEncoding definition (HO)
) (/usr/local/texlive/2025/texmf-dist/tex/generic/intcalc/intcalc.sty
Package: intcalc 2019/12/15 v1.3 Expandable calculations with integers (HO)
)
\Hy@SavedSpaceFactor=\count309
 (/usr/local/texlive/2025/texmf-dist/tex/latex/hyperref/puenc.def
File: puenc.def 2024-11-05 v7.01l Hyperref: PDF Unicode definition (HO)
)
Package hyperref Info: Option `bookmarks' set `true' on input line 4040.
Package hyperref Info: Option `bookmarksopen' set `true' on input line 4040.
Package hyperref Info: Option `implicit' set `false' on input line 4040.
Package hyperref Info: Hyper figures OFF on input line 4157.
Package hyperref Info: Link nesting OFF on input line 4162.
Package hyperref Info: Hyper index ON on input line 4165.
Package hyperref Info: Plain pages OFF on input line 4172.
Package hyperref Info: Backreferencing OFF on input line 4177.
Package hyperref Info: Implicit mode OFF; no redefinition of LaTeX internals.
Package hyperref Info: Bookmarks ON on input line 4424.
\c@Hy@tempcnt=\count310
 (/usr/local/texlive/2025/texmf-dist/tex/latex/url/url.sty
\Urlmuskip=\muskip17
Package: url 2013/09/16  ver 3.4  Verb mode for urls, etc.
)
LaTeX Info: Redefining \url on input line 4763.
\XeTeXLinkMargin=\dimen269
 (/usr/local/texlive/2025/texmf-dist/tex/generic/bitset/bitset.sty
Package: bitset 2019/12/09 v1.3 Handle bit-vector datatype (HO)
 (/usr/local/texlive/2025/texmf-dist/tex/generic/bigintcalc/bigintcalc.sty
Package: bigintcalc 2019/12/15 v1.5 Expandable calculations on big integers (HO)
))
\Fld@menulength=\count311
\Field@Width=\dimen270
\Fld@charsize=\dimen271
Package hyperref Info: Hyper figures OFF on input line 6042.
Package hyperref Info: Link nesting OFF on input line 6047.
Package hyperref Info: Hyper index ON on input line 6050.
Package hyperref Info: backreferencing OFF on input line 6057.
Package hyperref Info: Link coloring OFF on input line 6062.
Package hyperref Info: Link coloring with OCG OFF on input line 6067.
Package hyperref Info: PDF/A mode OFF on input line 6072.
\Hy@abspage=\count312


Package hyperref Message: Stopped early.

)
Package hyperref Info: Driver (autodetected): hxetex.
 (/usr/local/texlive/2025/texmf-dist/tex/latex/hyperref/hxetex.def
File: hxetex.def 2024-11-05 v7.01l Hyperref driver for XeTeX
\pdfm@box=\box67
\c@Hy@AnnotLevel=\count313
\HyField@AnnotCount=\count314
\Fld@listcount=\count315
\c@bookmark@seq@number=\count316
 (/usr/local/texlive/2025/texmf-dist/tex/latex/rerunfilecheck/rerunfilecheck.sty
Package: rerunfilecheck 2022-07-10 v1.10 Rerun checks for auxiliary files (HO)
 (/usr/local/texlive/2025/texmf-dist/tex/latex/base/atveryend-ltx.sty
Package: atveryend-ltx 2020/08/19 v1.0a Emulation of the original atveryend package
with kernel methods
) (/usr/local/texlive/2025/texmf-dist/tex/generic/uniquecounter/uniquecounter.sty
Package: uniquecounter 2019/12/15 v1.4 Provide unlimited unique counter (HO)
)
Package uniquecounter Info: New unique counter `rerunfilecheck' on input line 285.
)) (/usr/local/texlive/2025/texmf-dist/tex/latex/beamer/beamerbaserequires.sty (/usr/local/texlive/2025/texmf-dist/tex/latex/beamer/beamerbasecompatibility.sty) (/usr/local/texlive/2025/texmf-dist/tex/latex/beamer/beamerbasefont.sty (/usr/local/texlive/2025/texmf-dist/tex/latex/amsfonts/amssymb.sty
Package: amssymb 2013/01/14 v3.01 AMS font symbols
 (/usr/local/texlive/2025/texmf-dist/tex/latex/amsfonts/amsfonts.sty
Package: amsfonts 2013/01/14 v3.01 Basic AMSFonts support
\@emptytoks=\toks29
\symAMSa=\mathgroup4
\symAMSb=\mathgroup5
LaTeX Font Info:    Redeclaring math symbol \hbar on input line 98.
LaTeX Font Info:    Overwriting math alphabet `\mathfrak' in version `bold'
(Font)                  U/euf/m/n --> U/euf/b/n on input line 106.
)) (/usr/local/texlive/2025/texmf-dist/tex/latex/sansmathaccent/sansmathaccent.sty
Package: sansmathaccent 2020/01/31
 (/usr/local/texlive/2025/texmf-dist/tex/latex/koma-script/scrlfile.sty
Package: scrlfile 2024/10/24 v3.43 KOMA-Script package (file load hooks)
 (/usr/local/texlive/2025/texmf-dist/tex/latex/koma-script/scrlfile-hook.sty
Package: scrlfile-hook 2024/10/24 v3.43 KOMA-Script package (using LaTeX hooks)
 (/usr/local/texlive/2025/texmf-dist/tex/latex/koma-script/scrlogo.sty
Package: scrlogo 2024/10/24 v3.43 KOMA-Script package (logo)
))))) (/usr/local/texlive/2025/texmf-dist/tex/latex/beamer/beamerbasetranslator.sty (/usr/local/texlive/2025/texmf-dist/tex/latex/translator/translator.sty
Package: translator 2021-05-31 v1.12d Easy translation of strings in LaTeX
)) (/usr/local/texlive/2025/texmf-dist/tex/latex/beamer/beamerbasemisc.sty) (/usr/local/texlive/2025/texmf-dist/tex/latex/beamer/beamerbasetwoscreens.sty) (/usr/local/texlive/2025/texmf-dist/tex/latex/beamer/beamerbaseoverlay.sty
\beamer@argscount=\count317
\beamer@lastskipcover=\skip52
\beamer@trivlistdepth=\count318
) (/usr/local/texlive/2025/texmf-dist/tex/latex/beamer/beamerbasetitle.sty) (/usr/local/texlive/2025/texmf-dist/tex/latex/beamer/beamerbasesection.sty
\c@lecture=\count319
\c@part=\count320
\c@section=\count321
\c@subsection=\count322
\c@subsubsection=\count323
) (/usr/local/texlive/2025/texmf-dist/tex/latex/beamer/beamerbaseframe.sty
\beamer@framebox=\box68
\beamer@frametitlebox=\box69
\beamer@zoombox=\box70
\beamer@zoomcount=\count324
\beamer@zoomframecount=\count325
\beamer@frametextheight=\dimen272
\c@subsectionslide=\count326
\beamer@frametopskip=\skip53
\beamer@framebottomskip=\skip54
\beamer@frametopskipautobreak=\skip55
\beamer@framebottomskipautobreak=\skip56
\beamer@envbody=\toks30
\framewidth=\dimen273
\c@framenumber=\count327
) (/usr/local/texlive/2025/texmf-dist/tex/latex/beamer/beamerbaseverbatim.sty
\beamer@verbatimfileout=\write4
) (/usr/local/texlive/2025/texmf-dist/tex/latex/beamer/beamerbaseframesize.sty
\beamer@splitbox=\box71
\beamer@autobreakcount=\count328
\beamer@autobreaklastheight=\dimen274
\beamer@frametitletoks=\toks31
\beamer@framesubtitletoks=\toks32
) (/usr/local/texlive/2025/texmf-dist/tex/latex/beamer/beamerbaseframecomponents.sty
\beamer@footins=\box72
) (/usr/local/texlive/2025/texmf-dist/tex/latex/beamer/beamerbasecolor.sty) (/usr/local/texlive/2025/texmf-dist/tex/latex/beamer/beamerbasenotes.sty
\beamer@frameboxcopy=\box73
) (/usr/local/texlive/2025/texmf-dist/tex/latex/beamer/beamerbasetoc.sty)
(/usr/local/texlive/2025/texmf-dist/tex/latex/beamer/beamerbasetemplates.sty
\beamer@sbttoks=\toks33
 (/usr/local/texlive/2025/texmf-dist/tex/latex/beamer/beamerbaseauxtemplates.sty (/usr/local/texlive/2025/texmf-dist/tex/latex/beamer/beamerbaseboxes.sty
\bmb@box=\box74
\bmb@colorbox=\box75
\bmb@boxwidth=\dimen275
\bmb@boxheight=\dimen276
\bmb@prevheight=\dimen277
\bmb@temp=\dimen278
\bmb@dima=\dimen279
\bmb@dimb=\dimen280
\bmb@prevheight=\dimen281
)
\beamer@blockheadheight=\dimen282
)) (/usr/local/texlive/2025/texmf-dist/tex/latex/beamer/beamerbaselocalstructure.sty (/usr/local/texlive/2025/texmf-dist/tex/latex/tools/enumerate.sty
Package: enumerate 2023/07/04 v3.00 enumerate extensions (DPC)
\@enLab=\toks34
)
\beamer@bibiconwidth=\skip57
\c@figure=\count329
\c@table=\count330
\abovecaptionskip=\skip58
\belowcaptionskip=\skip59
) (/usr/local/texlive/2025/texmf-dist/tex/latex/beamer/beamerbasenavigation.sty (/usr/local/texlive/2025/texmf-dist/tex/latex/beamer/beamerbasenavigationsymbols.tex)
\beamer@section@min@dim=\dimen283
) (/usr/local/texlive/2025/texmf-dist/tex/latex/beamer/beamerbasetheorems.sty (/usr/local/texlive/2025/texmf-dist/tex/latex/amsmath/amsmath.sty
Package: amsmath 2024/11/05 v2.17t AMS math features
\@mathmargin=\skip60

For additional information on amsmath, use the `?' option.
(/usr/local/texlive/2025/texmf-dist/tex/latex/amsmath/amstext.sty
Package: amstext 2021/08/26 v2.01 AMS text
 (/usr/local/texlive/2025/texmf-dist/tex/latex/amsmath/amsgen.sty
File: amsgen.sty 1999/11/30 v2.0 generic functions
\@emptytoks=\toks35
\ex@=\dimen284
)) (/usr/local/texlive/2025/texmf-dist/tex/latex/amsmath/amsbsy.sty
Package: amsbsy 1999/11/29 v1.2d Bold Symbols
\pmbraise@=\dimen285
) (/usr/local/texlive/2025/texmf-dist/tex/latex/amsmath/amsopn.sty
Package: amsopn 2022/04/08 v2.04 operator names
)
\inf@bad=\count331
LaTeX Info: Redefining \frac on input line 233.
\uproot@=\count332
\leftroot@=\count333
LaTeX Info: Redefining \overline on input line 398.
LaTeX Info: Redefining \colon on input line 409.
\classnum@=\count334
\DOTSCASE@=\count335
LaTeX Info: Redefining \ldots on input line 495.
LaTeX Info: Redefining \dots on input line 498.
LaTeX Info: Redefining \cdots on input line 619.
\Mathstrutbox@=\box76
\strutbox@=\box77
LaTeX Info: Redefining \big on input line 721.
LaTeX Info: Redefining \Big on input line 722.
LaTeX Info: Redefining \bigg on input line 723.
LaTeX Info: Redefining \Bigg on input line 724.
\big@size=\dimen286
LaTeX Font Info:    Redeclaring font encoding OML on input line 742.
LaTeX Font Info:    Redeclaring font encoding OMS on input line 743.
\macc@depth=\count336
LaTeX Info: Redefining \bmod on input line 904.
LaTeX Info: Redefining \pmod on input line 909.
LaTeX Info: Redefining \smash on input line 939.
LaTeX Info: Redefining \relbar on input line 969.
LaTeX Info: Redefining \Relbar on input line 970.
\c@MaxMatrixCols=\count337
\dotsspace@=\muskip18
\c@parentequation=\count338
\dspbrk@lvl=\count339
\tag@help=\toks36
\row@=\count340
\column@=\count341
\maxfields@=\count342
\andhelp@=\toks37
\eqnshift@=\dimen287
\alignsep@=\dimen288
\tagshift@=\dimen289
\tagwidth@=\dimen290
\totwidth@=\dimen291
\lineht@=\dimen292
\@envbody=\toks38
\multlinegap=\skip61
\multlinetaggap=\skip62
\mathdisplay@stack=\toks39
LaTeX Info: Redefining \[ on input line 2953.
LaTeX Info: Redefining \] on input line 2954.
) (/usr/local/texlive/2025/texmf-dist/tex/latex/amscls/amsthm.sty
Package: amsthm 2020/05/29 v2.20.6
\thm@style=\toks40
\thm@bodyfont=\toks41
\thm@headfont=\toks42
\thm@notefont=\toks43
\thm@headpunct=\toks44
\thm@preskip=\skip63
\thm@postskip=\skip64
\thm@headsep=\skip65
\dth@everypar=\toks45
)
\c@theorem=\count343
) (/usr/local/texlive/2025/texmf-dist/tex/latex/beamer/beamerbasethemes.sty)) (/usr/local/texlive/2025/texmf-dist/tex/latex/beamer/beamerthemedefault.sty (/usr/local/texlive/2025/texmf-dist/tex/latex/beamer/beamerfontthemedefault.sty) (/usr/local/texlive/2025/texmf-dist/tex/latex/beamer/beamercolorthemedefault.sty) (/usr/local/texlive/2025/texmf-dist/tex/latex/beamer/beamerinnerthemedefault.sty
\beamer@dima=\dimen293
\beamer@dimb=\dimen294
) (/usr/local/texlive/2025/texmf-dist/tex/latex/beamer/beamerouterthemedefault.sty))) (/Users/gdgarcia/Repos/latex/garcia_commands.sty (/usr/local/texlive/2025/texmf-dist/tex/latex/beamer/beamercolorthemestructure.sty) (/usr/local/texlive/2025/texmf-dist/tex/latex/colortbl/colortbl.sty
Package: colortbl 2024/07/06 v1.0i Color table columns (DPC)
 (/usr/local/texlive/2025/texmf-dist/tex/latex/tools/array.sty
Package: array 2024/10/17 v2.6g Tabular extension package (FMi)
\col@sep=\dimen295
\ar@mcellbox=\box78
\extrarowheight=\dimen296
\NC@list=\toks46
\extratabsurround=\skip66
\backup@length=\skip67
\ar@cellbox=\box79
)
\everycr=\toks47
\minrowclearance=\skip68
\rownum=\count344
) (/usr/local/texlive/2025/texmf-dist/tex/latex/natbib/natbib.sty
Package: natbib 2010/09/13 8.31b (PWD, AO)
\bibhang=\skip69
\bibsep=\skip70
LaTeX Info: Redefining \cite on input line 694.
\c@NAT@ctr=\count345
) (/usr/local/texlive/2025/texmf-dist/tex/generic/babel/babel.sty
Package: babel 2025/03/10 v25.5 The multilingual framework for pdfLaTeX, LuaLaTeX and XeLaTeX
\babel@savecnt=\count346
\U@D=\dimen297
\l@unhyphenated=\language90
 (/usr/local/texlive/2025/texmf-dist/tex/generic/babel/xebabel.def)
\bbl@readstream=\read3
LaTeX Info: Redefining \textlatin on input line 3847.
\bbl@dirlevel=\count347
 (/usr/local/texlive/2025/texmf-dist/tex/generic/babel-french/french.ldf
Language: french 2024-07-25 v3.6c French support from the babel system
Package babel Info: Hyphen rules for 'acadian' set to \l@french
(babel)             (\language30). Reported on input line 91.
Package babel Info: Hyphen rules for 'canadien' set to \l@french
(babel)             (\language30). Reported on input line 92.
\FB@stdchar=\count348
Package french.ldf Info: No need for active punctuation characters
(french.ldf)             with this version of XeTeX!
(french.ldf)             reported on input line 312.
\FB@punctthick=\XeTeXcharclass4
\FB@punctthin=\XeTeXcharclass5
\FB@punctnul=\XeTeXcharclass6
\FB@guilo=\XeTeXcharclass7
\FB@guilf=\XeTeXcharclass8
\FB@guilnul=\XeTeXcharclass9
\FBguill@level=\count349
\FBold@everypar=\toks48
\FB@Mht=\dimen298
\mc@charclass=\count350
\mc@charfam=\count351
\mc@charslot=\count352
\std@mcc=\count353
\dec@mcc=\count354
\FB@parskip=\dimen299
\listindentFB=\dimen300
\descindentFB=\dimen301
\labelindentFB=\dimen302
\labelwidthFB=\dimen303
\leftmarginFB=\dimen304
\parindentFFN=\dimen305
\FBfnindent=\dimen306
) (/usr/local/texlive/2025/texmf-dist/tex/generic/babel-english/english.ldf
Language: english 2017/06/06 v3.3r English support from the babel system
Package babel Info: Hyphen rules for 'canadian' set to \l@english
(babel)             (\language0). Reported on input line 102.
Package babel Info: Hyphen rules for 'australian' set to \l@ukenglish
(babel)             (\language22). Reported on input line 105.
Package babel Info: Hyphen rules for 'newzealand' set to \l@ukenglish
(babel)             (\language22). Reported on input line 108.
)) (/usr/local/texlive/2025/texmf-dist/tex/generic/babel/locale/en/babel-english.tex
Package babel Info: Importing font and identification data for english
(babel)             from babel-en.ini. Reported on input line 11.
) (/usr/local/texlive/2025/texmf-dist/tex/generic/babel/locale/fr/babel-french.tex
Package babel Info: Importing font and identification data for french
(babel)             from babel-fr.ini. Reported on input line 11.
) (/usr/local/texlive/2025/texmf-dist/tex/latex/carlisle/scalefnt.sty) (/usr/local/texlive/2025/texmf-dist/tex/latex/tools/multicol.sty
Package: multicol 2024/09/14 v1.9i multicolumn formatting (FMi)
\c@tracingmulticols=\count355
\mult@box=\box80
\multicol@leftmargin=\dimen307
\c@unbalance=\count356
\c@collectmore=\count357
\doublecol@number=\count358
\multicoltolerance=\count359
\multicolpretolerance=\count360
\full@width=\dimen308
\page@free=\dimen309
\premulticols=\dimen310
\postmulticols=\dimen311
\multicolsep=\skip71
\multicolbaselineskip=\skip72
\partial@page=\box81
\last@line=\box82
\mc@boxedresult=\box83
\maxbalancingoverflow=\dimen312
\mult@rightbox=\box84
\mult@grightbox=\box85
\mult@firstbox=\box86
\mult@gfirstbox=\box87
\@tempa=\box88
\@tempa=\box89
\@tempa=\box90
\@tempa=\box91
\@tempa=\box92
\@tempa=\box93
\@tempa=\box94
\@tempa=\box95
\@tempa=\box96
\@tempa=\box97
\@tempa=\box98
\@tempa=\box99
\@tempa=\box100
\@tempa=\box101
\@tempa=\box102
\@tempa=\box103
\@tempa=\box104
\@tempa=\box105
\@tempa=\box106
\@tempa=\box107
\@tempa=\box108
\@tempa=\box109
\@tempa=\box110
\@tempa=\box111
\@tempa=\box112
\@tempa=\box113
\@tempa=\box114
\@tempa=\box115
\@tempa=\box116
\@tempa=\box117
\@tempa=\box118
\@tempa=\box119
\@tempa=\box120
\@tempa=\box121
\@tempa=\box122
\@tempa=\box123
\c@minrows=\count361
\c@columnbadness=\count362
\c@finalcolumnbadness=\count363
\last@try=\dimen313
\multicolovershoot=\dimen314
\multicolundershoot=\dimen315
\mult@nat@firstbox=\box124
\colbreak@box=\box125
\mc@col@check@num=\count364
) (/usr/local/texlive/2025/texmf-dist/tex/latex/caption/caption.sty
Package: caption 2023/08/05 v3.6o Customizing captions (AR)
 (/usr/local/texlive/2025/texmf-dist/tex/latex/caption/caption3.sty
Package: caption3 2023/07/31 v2.4d caption3 kernel (AR)
\caption@tempdima=\dimen316
\captionmargin=\dimen317
\caption@leftmargin=\dimen318
\caption@rightmargin=\dimen319
\caption@width=\dimen320
\caption@indent=\dimen321
\caption@parindent=\dimen322
\caption@hangindent=\dimen323
Package caption Info: beamer document class detected.
Package caption Info: french babel package is loaded.
 (/usr/local/texlive/2025/texmf-dist/tex/latex/caption/caption-beamer.sto
File: caption-beamer.sto 2022/01/06 v2.0c Adaption of the caption package to the beamer document classes (AR)
))
\c@caption@flags=\count365
\c@continuedfloat=\count366
Package caption Info: hyperref package is loaded.
Package caption Info: Hyperref support is turned off
(caption)             because hyperref has stopped early.
) (/usr/local/texlive/2025/texmf-dist/tex/latex/tipa/vowel.sty
Package: vowel 2002/08/08 VOWEL Package version 1.1
\vowelhunit=\dimen324
\vowelvunit=\dimen325
\vowelsep=\dimen326
\vowelline=\dimen327
\@vwlcnt=\count367
\@vwltopsep=\dimen328
\@vwlbotsep=\dimen329
\@vwllftsep=\dimen330
\@vwlrtsep=\dimen331
\@dgmtype=\count368
\@dgmalign=\count369
\@x@=\count370
\@y@=\count371
\@z@=\count372
)
(/usr/local/texlive/2025/texmf-dist/tex/latex/diagbox/diagbox.sty
Package: diagbox 2020/02/09 v2.3 Making table heads with diagonal lines
 (/usr/local/texlive/2025/texmf-dist/tex/latex/pict2e/pict2e.sty
Package: pict2e 2020/09/30 v0.4b Improved picture commands (HjG,RN,JT)
 (/usr/local/texlive/2025/texmf-dist/tex/latex/pict2e/pict2e.cfg
File: pict2e.cfg 2016/02/05 v0.1u pict2e configuration for teTeX/TeXLive
)
Package pict2e Info: Driver file: xetex.def on input line 112.
Package pict2e Info: Driver file for pict2e: p2e-xetex.def on input line 114.
 (/usr/local/texlive/2025/texmf-dist/tex/latex/pict2e/p2e-xetex.def
File: p2e-xetex.def 2016/02/05 v0.1u Driver-dependant file (RN,HjG,JT)
)
\pIIe@GRAPH=\toks49
\@arclen=\dimen332
\@arcrad=\dimen333
\pIIe@tempdima=\dimen334
\pIIe@tempdimb=\dimen335
\pIIe@tempdimc=\dimen336
\pIIe@tempdimd=\dimen337
\pIIe@tempdime=\dimen338
\pIIe@tempdimf=\dimen339
) (/usr/local/texlive/2025/texmf-dist/tex/latex/tools/calc.sty
Package: calc 2023/07/08 v4.3 Infix arithmetic (KKT,FJ)
\calc@Acount=\count373
\calc@Bcount=\count374
\calc@Adimen=\dimen340
\calc@Bdimen=\dimen341
\calc@Askip=\skip73
\calc@Bskip=\skip74
LaTeX Info: Redefining \setlength on input line 80.
LaTeX Info: Redefining \addtolength on input line 81.
\calc@Ccount=\count375
\calc@Cskip=\skip75
)
\diagbox@boxa=\box126
\diagbox@boxb=\box127
\diagbox@boxm=\box128
\diagbox@wd=\dimen342
\diagbox@ht=\dimen343
\diagbox@insepl=\dimen344
\diagbox@insepr=\dimen345
\diagbox@outsepl=\dimen346
\diagbox@outsepr=\dimen347
) (/usr/local/texlive/2025/texmf-dist/tex/latex/mathtools/mathtools.sty
Package: mathtools 2024/10/04 v1.31 mathematical typesetting tools
 (/usr/local/texlive/2025/texmf-dist/tex/latex/mathtools/mhsetup.sty
Package: mhsetup 2021/03/18 v1.4 programming setup (MH)
)
\g_MT_multlinerow_int=\count376
\l_MT_multwidth_dim=\dimen348
\origjot=\skip76
\l_MT_shortvdotswithinadjustabove_dim=\dimen349
\l_MT_shortvdotswithinadjustbelow_dim=\dimen350
\l_MT_above_intertext_sep=\dimen351
\l_MT_below_intertext_sep=\dimen352
\l_MT_above_shortintertext_sep=\dimen353
\l_MT_below_shortintertext_sep=\dimen354
\xmathstrut@box=\box129
\xmathstrut@dim=\dimen355
) (/usr/local/texlive/2025/texmf-dist/tex/latex/tikz-qtree/tikz-qtree.sty (/usr/local/texlive/2025/texmf-dist/tex/latex/pgf/frontendlayer/tikz.sty (/usr/local/texlive/2025/texmf-dist/tex/latex/pgf/basiclayer/pgf.sty
Package: pgf 2023-01-15 v3.1.10 (3.1.10)
 (/usr/local/texlive/2025/texmf-dist/tex/generic/pgf/modules/pgfmoduleshapes.code.tex
File: pgfmoduleshapes.code.tex 2023-01-15 v3.1.10 (3.1.10)
\pgfnodeparttextbox=\box130
) (/usr/local/texlive/2025/texmf-dist/tex/generic/pgf/modules/pgfmoduleplot.code.tex
File: pgfmoduleplot.code.tex 2023-01-15 v3.1.10 (3.1.10)
) (/usr/local/texlive/2025/texmf-dist/tex/latex/pgf/compatibility/pgfcomp-version-0-65.sty
Package: pgfcomp-version-0-65 2023-01-15 v3.1.10 (3.1.10)
\pgf@nodesepstart=\dimen356
\pgf@nodesepend=\dimen357
) (/usr/local/texlive/2025/texmf-dist/tex/latex/pgf/compatibility/pgfcomp-version-1-18.sty
Package: pgfcomp-version-1-18 2023-01-15 v3.1.10 (3.1.10)
)) (/usr/local/texlive/2025/texmf-dist/tex/latex/pgf/utilities/pgffor.sty (/usr/local/texlive/2025/texmf-dist/tex/generic/pgf/utilities/pgffor.code.tex
Package: pgffor 2023-01-15 v3.1.10 (3.1.10)
\pgffor@iter=\dimen358
\pgffor@skip=\dimen359
\pgffor@stack=\toks50
\pgffor@toks=\toks51
)) (/usr/local/texlive/2025/texmf-dist/tex/generic/pgf/frontendlayer/tikz/tikz.code.tex
Package: tikz 2023-01-15 v3.1.10 (3.1.10)
 (/usr/local/texlive/2025/texmf-dist/tex/generic/pgf/libraries/pgflibraryplothandlers.code.tex
File: pgflibraryplothandlers.code.tex 2023-01-15 v3.1.10 (3.1.10)
\pgf@plot@mark@count=\count377
\pgfplotmarksize=\dimen360
)
\tikz@lastx=\dimen361
\tikz@lasty=\dimen362
\tikz@lastxsaved=\dimen363
\tikz@lastysaved=\dimen364
\tikz@lastmovetox=\dimen365
\tikz@lastmovetoy=\dimen366
\tikzleveldistance=\dimen367
\tikzsiblingdistance=\dimen368
\tikz@figbox=\box131
\tikz@figbox@bg=\box132
\tikz@tempbox=\box133
\tikz@tempbox@bg=\box134
\tikztreelevel=\count378
\tikznumberofchildren=\count379
\tikznumberofcurrentchild=\count380
\tikz@fig@count=\count381
 (/usr/local/texlive/2025/texmf-dist/tex/generic/pgf/modules/pgfmodulematrix.code.tex
File: pgfmodulematrix.code.tex 2023-01-15 v3.1.10 (3.1.10)
\pgfmatrixcurrentrow=\count382
\pgfmatrixcurrentcolumn=\count383
\pgf@matrix@numberofcolumns=\count384
)
\tikz@expandcount=\count385
 (/usr/local/texlive/2025/texmf-dist/tex/generic/pgf/frontendlayer/tikz/libraries/tikzlibrarytopaths.code.tex
File: tikzlibrarytopaths.code.tex 2023-01-15 v3.1.10 (3.1.10)
))) (/usr/local/texlive/2025/texmf-dist/tex/latex/tikz-qtree/pgftree.sty (/usr/local/texlive/2025/texmf-dist/tex/latex/tikz-qtree/pgfsubpic.sty (/usr/local/texlive/2025/texmf-dist/tex/latex/tikz-qtree/pgfsubpic.tex
\pgf@subpicminx=\dimen369
\pgf@subpicminy=\dimen370
\pgf@subpicmaxx=\dimen371
\pgf@subpicmaxy=\dimen372
)) (/usr/local/texlive/2025/texmf-dist/tex/latex/tikz-qtree/pgftree.tex
\levelsep=\dimen373
\subtreesep=\dimen374
\smuggle@levelsep=\dimen375
\smuggle@subtreesep=\dimen376
\this@levelsep=\dimen377
\this@subtreesep=\dimen378
\pgftree@childx=\dimen379
\pgftree@savechildx=\dimen380
\pgftree@childy=\dimen381
\pgftree@savechildy=\dimen382
\pgftree@childi=\count386
\pgftree@savechildi=\count387
\pgftree@level=\count388
\pgftree@depth=\dimen383
\pgf@subpic@hbox@children=\box135
\pgf@subpic@minx@children=\dimen384
\pgf@subpic@miny@children=\dimen385
\pgf@subpic@maxx@children=\dimen386
\pgf@subpic@maxy@children=\dimen387
\pgftree@lastchildx=\dimen388
\pgftree@lastchildy=\dimen389
)) (/usr/local/texlive/2025/texmf-dist/tex/latex/tikz-qtree/tikz-qtree.tex
\@result=\toks52
\child@list=\toks53
\root@node=\toks54
)) (/usr/local/texlive/2025/texmf-dist/tex/latex/booktabs/booktabs.sty
Package: booktabs 2020/01/12 v1.61803398 Publication quality tables
\heavyrulewidth=\dimen390
\lightrulewidth=\dimen391
\cmidrulewidth=\dimen392
\belowrulesep=\dimen393
\belowbottomsep=\dimen394
\aboverulesep=\dimen395
\abovetopsep=\dimen396
\cmidrulesep=\dimen397
\cmidrulekern=\dimen398
\defaultaddspace=\dimen399
\@cmidla=\count389
\@cmidlb=\count390
\@aboverulesep=\dimen400
\@belowrulesep=\dimen401
\@thisruleclass=\count391
\@lastruleclass=\count392
\@thisrulewidth=\dimen402
)
(/usr/local/texlive/2025/texmf-dist/tex/latex/natbib/bibentry.sty
Package: bibentry 2007/10/30 1.5 (PWD)
) (/usr/local/texlive/2025/texmf-dist/tex/latex/arydshln/arydshln.sty
Package: arydshln 2019/02/21 v1.76 
\dashlinedash=\dimen403
\dashlinegap=\dimen404
\adl@box=\box136
\adl@height=\dimen405
\adl@heightsave=\dimen406
\adl@depth=\dimen407
\adl@depthsave=\dimen408
\adl@finaldepth=\dimen409
\adl@columns=\count393
\adl@ncol=\count394
\adl@currentcolumn=\count395
\adl@currentcolumnsave=\count396
\adl@totalheight=\count397
\adl@totalheightsave=\count398
\adl@dash=\count399
\adl@gap=\count400
\adl@cla=\count401
\adl@clb=\count402
\adl@everyvbox=\toks55
\adl@LTpagetotal=\dimen410
) (/usr/local/texlive/2025/texmf-dist/tex/latex/linguex/linguex.sty
Package: linguex 2013/05/28 Example formatting for linguistics v. 4.3
 (/usr/local/texlive/2025/texmf-dist/tex/latex/tools/xspace.sty
Package: xspace 2014/10/28 v1.13 Space after command names (DPC,MH)
) (/usr/local/texlive/2025/texmf-dist/tex/latex/gb4e/cgloss4e.sty
\lineone=\box137
\linetwo=\box138
\linethree=\box139
\wordone=\box140
\wordtwo=\box141
\wordthree=\box142
\gline=\box143
\glossglue=\skip77
)
\c@ExNo=\count403
\c@SubExNo=\count404
\c@SubSubExNo=\count405
\c@FnExNo=\count406
\c@ABC=\count407
\currentlabel=\skip78
\lessthanten=\skip79
\lessthanhundred=\skip80
\lessthanthousand=\skip81
\@Exleftmargin=\skip82
\Exlabelwidth=\skip83
\Extopsep=\skip84
\Exindent=\skip85
\SubExleftmargin=\skip86
\SubSubExleftmargin=\skip87
\Exlabelsep=\skip88
\alignSubExnegindent=\skip89
\Exredux=\skip90
\digitwidth=\skip91
\mindigitwidth=\skip92
\c@ExDepth=\count408
\c@TempExDepth=\count409
\CollectTokens=\toks56
LaTeX Info: Redefining \b on input line 307.
LaTeX Info: Redefining \c on input line 311.
LaTeX Info: Redefining \d on input line 313.
\c@tmpaEx=\count410
) (/usr/local/texlive/2025/texmf-dist/tex/latex/psnfss/pifont.sty
Package: pifont 2020/03/25 PSNFSS-v9.3 Pi font support (SPQR) 
LaTeX Font Info:    Trying to load font information for U+pzd on input line 63.
 (/usr/local/texlive/2025/texmf-dist/tex/latex/psnfss/upzd.fd
File: upzd.fd 2001/06/04 font definitions for U/pzd.
)
LaTeX Font Info:    Trying to load font information for U+psy on input line 64.
 (/usr/local/texlive/2025/texmf-dist/tex/latex/psnfss/upsy.fd
File: upsy.fd 2001/06/04 font definitions for U/psy.
)) (/usr/local/texlive/2025/texmf-dist/tex/latex/textgreek/textgreek.sty
Package: textgreek 2011/10/09 v0.7 Greek symbols in text
Package textgreek Info: Loading the definitions for the Greek fontencoding. on input line 39.
 (/usr/local/texlive/2025/texmf-dist/tex/latex/greek-fontenc/lgrenc.def
File: lgrenc.def 2023-09-12 2.5 LGR Greek font encoding definitions
 (/usr/local/texlive/2025/texmf-dist/tex/latex/greek-fontenc/greek-fontenc.def
File: greek-fontenc.def 2023-09-12 2.5 Common Greek font encoding definitions
))
Package textgreek Info: Loaded fontmap: {eur/*/*}{U/eur/*/*} {phv/*/*}{U/psy/*/*}. on input line 69.
) (/usr/local/texlive/2025/texmf-dist/tex/latex/libertinus/libertinus.sty
Package: libertinus 2020/05/06 v. 0.02 (Herbert Voss) Supports libertinus fonts for pdflatex/lualatex/xelatex
 (/usr/local/texlive/2025/texmf-dist/tex/latex/xkeyval/xkeyval.sty
Package: xkeyval 2022/06/16 v2.9 package option processing (HA)
 (/usr/local/texlive/2025/texmf-dist/tex/generic/xkeyval/xkeyval.tex (/usr/local/texlive/2025/texmf-dist/tex/generic/xkeyval/xkvutils.tex
\XKV@toks=\toks57
\XKV@tempa@toks=\toks58
)
\XKV@depth=\count411
File: xkeyval.tex 2014/12/03 v2.7a key=value parser (HA)
)) (/usr/local/texlive/2025/texmf-dist/tex/latex/libertinus-otf/libertinus-otf.sty
Package: libertinus-otf 2023/09/21 v. 0.32 (Herbert Voss) Supports libertinus fonts for lualatex and xelatex.
 (/usr/local/texlive/2025/texmf-dist/tex/generic/iftex/ifxetex.sty
Package: ifxetex 2019/10/25 v0.7 ifxetex legacy package. Use iftex instead.
) (/usr/local/texlive/2025/texmf-dist/tex/generic/iftex/ifluatex.sty
Package: ifluatex 2019/10/25 v1.5 ifluatex legacy package. Use iftex instead.
) (/usr/local/texlive/2025/texmf-dist/tex/latex/base/textcomp.sty
Package: textcomp 2024/04/24 v2.1b Standard LaTeX package
) (/usr/local/texlive/2025/texmf-dist/tex/latex/unicode-math/unicode-math.sty (/usr/local/texlive/2025/texmf-dist/tex/latex/l3kernel/expl3.sty
Package: expl3 2025-01-18 L3 programming layer (loader) 
 (/usr/local/texlive/2025/texmf-dist/tex/latex/l3backend/l3backend-xetex.def
File: l3backend-xetex.def 2024-05-08 L3 backend support: XeTeX
\g__graphics_track_int=\count412
\l__pdf_internal_box=\box144
\g__pdf_backend_annotation_int=\count413
\g__pdf_backend_link_int=\count414
))
Package: unicode-math 2023/08/13 v0.8r Unicode maths in XeLaTeX and LuaLaTeX
 (/usr/local/texlive/2025/texmf-dist/tex/latex/unicode-math/unicode-math-xetex.sty
Package: unicode-math-xetex 2023/08/13 v0.8r Unicode maths in XeLaTeX and LuaLaTeX
 (/usr/local/texlive/2025/texmf-dist/tex/latex/l3packages/xparse/xparse.sty
Package: xparse 2024-08-16 L3 Experimental document command parser
) (/usr/local/texlive/2025/texmf-dist/tex/latex/l3packages/l3keys2e/l3keys2e.sty
Package: l3keys2e 2024-08-16 LaTeX2e option processing using LaTeX3 keys
) (/usr/local/texlive/2025/texmf-dist/tex/latex/fontspec/fontspec.sty
Package: fontspec 2024/05/11 v2.9e Font selection for XeLaTeX and LuaLaTeX
 (/usr/local/texlive/2025/texmf-dist/tex/latex/fontspec/fontspec-xetex.sty
Package: fontspec-xetex 2024/05/11 v2.9e Font selection for XeLaTeX and LuaLaTeX
\l__fontspec_script_int=\count415
\l__fontspec_language_int=\count416
\l__fontspec_strnum_int=\count417
\l__fontspec_tmp_int=\count418
\l__fontspec_tmpa_int=\count419
\l__fontspec_tmpb_int=\count420
\l__fontspec_tmpc_int=\count421
\l__fontspec_em_int=\count422
\l__fontspec_emdef_int=\count423
\l__fontspec_strong_int=\count424
\l__fontspec_strongdef_int=\count425
\l__fontspec_tmpa_dim=\dimen411
\l__fontspec_tmpb_dim=\dimen412
\l__fontspec_tmpc_dim=\dimen413
 (/usr/local/texlive/2025/texmf-dist/tex/latex/base/fontenc.sty
Package: fontenc 2021/04/29 v2.0v Standard LaTeX package
) (/usr/local/texlive/2025/texmf-dist/tex/latex/fontspec/fontspec.cfg)))
(/usr/local/texlive/2025/texmf-dist/tex/latex/base/fix-cm.sty
Package: fix-cm 2020/11/24 v1.1t fixes to LaTeX
 (/usr/local/texlive/2025/texmf-dist/tex/latex/base/ts1enc.def
File: ts1enc.def 2001/06/05 v3.0e (jk/car/fm) Standard LaTeX file
LaTeX Font Info:    Redeclaring font encoding TS1 on input line 47.
))
\g__um_fam_int=\count426
\g__um_fonts_used_int=\count427
\l__um_primecount_int=\count428
\g__um_primekern_muskip=\muskip19
 (/usr/local/texlive/2025/texmf-dist/tex/latex/unicode-math/unicode-math-table.tex)))
Requested font "[LibertinusSerif-Regular.otf]/OT" at 9.99997pt
 -> /usr/local/texlive/2025/texmf-dist/fonts/opentype/public/libertinus-fonts/LibertinusSerif-Regular.otf
Requested font "[LibertinusSerif-Regular.otf]/OT" at 10.00003pt
 -> /usr/local/texlive/2025/texmf-dist/fonts/opentype/public/libertinus-fonts/LibertinusSerif-Regular.otf
Requested font "[LibertinusSerif-Regular.otf]/OT:script=latn;language=dflt;" at 10.00003pt
 -> /usr/local/texlive/2025/texmf-dist/fonts/opentype/public/libertinus-fonts/LibertinusSerif-Regular.otf
Requested font "[LibertinusSerif-Bold.otf]/OT:script=latn;language=dflt;" at 10.00003pt
 -> /usr/local/texlive/2025/texmf-dist/fonts/opentype/public/libertinus-fonts/LibertinusSerif-Bold.otf
Requested font "[LibertinusSerif-Italic.otf]/OT:script=latn;language=dflt;" at 10.00003pt
 -> /usr/local/texlive/2025/texmf-dist/fonts/opentype/public/libertinus-fonts/LibertinusSerif-Italic.otf
Requested font "[LibertinusSerif-BoldItalic.otf]/OT:script=latn;language=dflt;" at 10.00003pt
 -> /usr/local/texlive/2025/texmf-dist/fonts/opentype/public/libertinus-fonts/LibertinusSerif-BoldItalic.otf
LaTeX Font Info:    Overwriting math alphabet `\mathrm' in version `normal'
(Font)                  OT1/cmr/m/n --> TU/LibertinusSerif(1)/m/n on input line 232.
LaTeX Font Info:    Overwriting math alphabet `\mathit' in version `normal'
(Font)                  OT1/cmr/m/it --> TU/LibertinusSerif(1)/m/it on input line 232.
LaTeX Font Info:    Overwriting math alphabet `\mathbf' in version `normal'
(Font)                  OT1/cmr/bx/n --> TU/LibertinusSerif(1)/b/n on input line 232.
Requested font "[LibertinusSerif-Semibold.otf]/OT:script=latn;language=dflt;" at 10.00003pt
 -> /usr/local/texlive/2025/texmf-dist/fonts/opentype/public/libertinus-fonts/LibertinusSerif-Semibold.otf
Requested font "[LibertinusSerif-SemiboldItalic.otf]/OT:script=latn;language=dflt;" at 10.00003pt
 -> /usr/local/texlive/2025/texmf-dist/fonts/opentype/public/libertinus-fonts/LibertinusSerif-SemiboldItalic.otf
Requested font "[LibertinusSans-Regular.otf]/OT" at 9.99997pt
 -> /usr/local/texlive/2025/texmf-dist/fonts/opentype/public/libertinus-fonts/LibertinusSans-Regular.otf
Requested font "[LibertinusSans-Regular.otf]/OT" at 10.00003pt
 -> /usr/local/texlive/2025/texmf-dist/fonts/opentype/public/libertinus-fonts/LibertinusSans-Regular.otf
Requested font "[LibertinusSans-Regular.otf]/OT:script=latn;language=dflt;" at 10.00003pt
 -> /usr/local/texlive/2025/texmf-dist/fonts/opentype/public/libertinus-fonts/LibertinusSans-Regular.otf
Requested font "[LibertinusSans-Bold.otf]/OT:script=latn;language=dflt;" at 10.00003pt
 -> /usr/local/texlive/2025/texmf-dist/fonts/opentype/public/libertinus-fonts/LibertinusSans-Bold.otf
Requested font "[LibertinusSans-Italic.otf]/OT:script=latn;language=dflt;" at 10.00003pt
 -> /usr/local/texlive/2025/texmf-dist/fonts/opentype/public/libertinus-fonts/LibertinusSans-Italic.otf
LaTeX Font Info:    Overwriting math alphabet `\mathsf' in version `normal'
(Font)                  OT1/cmss/m/n --> TU/LibertinusSans(1)/m/n on input line 312.
LaTeX Font Info:    Overwriting math alphabet `\mathsf' in version `bold'
(Font)                  OT1/cmss/bx/n --> TU/LibertinusSans(1)/b/n on input line 312.
LaTeX Font Info:    Font shape `TU/LibertinusSans(0)/m/n' will be
(Font)              scaled to size 10.0pt on input line 312.
Requested font "[LibertinusSans-Regular.otf]/OT:script=latn;language=dflt;+hv-kern;+tnum;+lnum;mapping=tex-text;" at 10.0pt
 -> /usr/local/texlive/2025/texmf-dist/fonts/opentype/public/libertinus-fonts/LibertinusSans-Regular.otf
Requested font "[LibertinusMono-Regular.otf]/OT" at 9.99997pt
 -> /usr/local/texlive/2025/texmf-dist/fonts/opentype/public/libertinus-fonts/LibertinusMono-Regular.otf
Requested font "[LibertinusMono-Regular.otf]/OT" at 10.00003pt
 -> /usr/local/texlive/2025/texmf-dist/fonts/opentype/public/libertinus-fonts/LibertinusMono-Regular.otf
Requested font "[LibertinusMono-Regular.otf]/OT:script=latn;language=dflt;" at 10.00003pt
 -> /usr/local/texlive/2025/texmf-dist/fonts/opentype/public/libertinus-fonts/LibertinusMono-Regular.otf
LaTeX Font Info:    Overwriting math alphabet `\mathtt' in version `normal'
(Font)                  OT1/cmtt/m/n --> TU/LibertinusMono(1)/m/n on input line 369.
LaTeX Font Info:    Overwriting math alphabet `\mathtt' in version `bold'
(Font)                  OT1/cmtt/m/n --> TU/LibertinusMono(1)/b/n on input line 369.

*************************************
* Using libertinus math *
*************************************
Requested font "[LibertinusMath-Regular.otf]/OT" at 9.99997pt
 -> /usr/local/texlive/2025/texmf-dist/fonts/opentype/public/libertinus-fonts/LibertinusMath-Regular.otf
Requested font "[LibertinusMath-Regular.otf]/OT" at 10.00003pt
 -> /usr/local/texlive/2025/texmf-dist/fonts/opentype/public/libertinus-fonts/LibertinusMath-Regular.otf
Requested font "[LibertinusMath-Regular.otf]/OT:script=math;language=dflt;" at 10.00003pt
 -> /usr/local/texlive/2025/texmf-dist/fonts/opentype/public/libertinus-fonts/LibertinusMath-Regular.otf
Requested font "[LibertinusMath-Regular.otf]/OT:script=math;language=dflt;" at 10.0pt
 -> /usr/local/texlive/2025/texmf-dist/fonts/opentype/public/libertinus-fonts/LibertinusMath-Regular.otf
LaTeX Font Info:    Encoding `OT1' has changed to `TU' for symbol font
(Font)              `operators' in the math version `normal' on input line 377.
LaTeX Font Info:    Overwriting symbol font `operators' in version `normal'
(Font)                  OT1/cmr/m/n --> TU/LibertinusMath-Regular.otf(1)/m/n on input line 377.
LaTeX Font Info:    Encoding `OT1' has changed to `TU' for symbol font
(Font)              `operators' in the math version `bold' on input line 377.
LaTeX Font Info:    Overwriting symbol font `operators' in version `bold'
(Font)                  OT1/cmr/bx/n --> TU/LibertinusMath-Regular.otf(1)/b/n on input line 377.
LaTeX Font Info:    Encoding `OMS' has changed to `TU' for symbol font
(Font)              `symbols' in the math version `normal' on input line 377.
LaTeX Font Info:    Overwriting symbol font `symbols' in version `normal'
(Font)                  OMS/cmsy/m/n --> TU/LibertinusMath-Regular.otf(2)/m/n on input line 377.
LaTeX Font Info:    Encoding `OMS' has changed to `TU' for symbol font
(Font)              `symbols' in the math version `bold' on input line 377.
LaTeX Font Info:    Overwriting symbol font `symbols' in version `bold'
(Font)                  OMS/cmsy/b/n --> TU/LibertinusMath-Regular.otf(2)/b/n on input line 377.
LaTeX Font Info:    Encoding `OMX' has changed to `TU' for symbol font
(Font)              `largesymbols' in the math version `normal' on input line 377.
LaTeX Font Info:    Overwriting symbol font `largesymbols' in version `normal'
(Font)                  OMX/cmex/m/n --> TU/LibertinusMath-Regular.otf(3)/m/n on input line 377.
LaTeX Font Info:    Encoding `OMX' has changed to `TU' for symbol font
(Font)              `largesymbols' in the math version `bold' on input line 377.
LaTeX Font Info:    Overwriting symbol font `largesymbols' in version `bold'
(Font)                  OMX/cmex/m/n --> TU/LibertinusMath-Regular.otf(3)/b/n on input line 377.
LaTeX Font Info:    Redeclaring math version `bold' on input line 379.
Requested font "[LibertinusMath-Regular.otf]/OT:script=math;language=dflt;embolden=3;" at 10.0pt
 -> /usr/local/texlive/2025/texmf-dist/fonts/opentype/public/libertinus-fonts/LibertinusMath-Regular.otf
LaTeX Font Info:    Encoding `OT1' has changed to `TU' for symbol font
(Font)              `operators' in the math version `bold' on input line 379.
LaTeX Font Info:    Overwriting symbol font `operators' in version `bold'
(Font)                  OT1/cmr/m/n --> TU/LibertinusMath-Regular.otf(5)/m/n on input line 379.
LaTeX Font Info:    Encoding `OMS' has changed to `TU' for symbol font
(Font)              `symbols' in the math version `bold' on input line 379.
LaTeX Font Info:    Overwriting symbol font `symbols' in version `bold'
(Font)                  OMS/cmsy/m/n --> TU/LibertinusMath-Regular.otf(6)/m/n on input line 379.
LaTeX Font Info:    Encoding `OMX' has changed to `TU' for symbol font
(Font)              `largesymbols' in the math version `bold' on input line 379.
LaTeX Font Info:    Overwriting symbol font `largesymbols' in version `bold'
(Font)                  OMX/cmex/m/n --> TU/LibertinusMath-Regular.otf(7)/m/n on input line 379.
Requested font "[LinBiolinum_K.otf]" scaled 1000
 -> /usr/local/texlive/2025/texmf-dist/fonts/opentype/public/libertine/LinBiolinum_K.otf
Requested font "[LibertinusKeyboard-Regular.otf]" scaled 1000
 -> /usr/local/texlive/2025/texmf-dist/fonts/opentype/public/libertinus-fonts/LibertinusKeyboard-Regular.otf
Requested font "[LibertinusSerifDisplay-Regular.otf]/OT" at 9.99997pt
 -> /usr/local/texlive/2025/texmf-dist/fonts/opentype/public/libertinus-fonts/LibertinusSerifDisplay-Regular.otf
Requested font "[LibertinusSerifDisplay-Regular.otf]/OT" at 10.00003pt
 -> /usr/local/texlive/2025/texmf-dist/fonts/opentype/public/libertinus-fonts/LibertinusSerifDisplay-Regular.otf
Requested font "[LibertinusSerifDisplay-Regular.otf]/OT:script=latn;language=dflt;" at 10.00003pt
 -> /usr/local/texlive/2025/texmf-dist/fonts/opentype/public/libertinus-fonts/LibertinusSerifDisplay-Regular.otf
Requested font "[LibertinusSerifInitials-Regular.otf]/OT" at 9.99997pt
 -> /usr/local/texlive/2025/texmf-dist/fonts/opentype/public/libertinus-fonts/LibertinusSerifInitials-Regular.otf
Requested font "[LibertinusSerifInitials-Regular.otf]/OT" at 10.00003pt
 -> /usr/local/texlive/2025/texmf-dist/fonts/opentype/public/libertinus-fonts/LibertinusSerifInitials-Regular.otf
Requested font "[LibertinusSerifInitials-Regular.otf]/OT:language=dflt;" at 10.00003pt
 -> /usr/local/texlive/2025/texmf-dist/fonts/opentype/public/libertinus-fonts/LibertinusSerifInitials-Regular.otf
)) (/usr/local/texlive/2025/texmf-dist/tex/latex/chronology/chronology.sty
Package: chronology 2023/08/20 v2.0 - Horizontal Timeline
\c@step=\count429
\c@stepstart=\count430
\c@stepstop=\count431
\c@yearstart=\count432
\c@yearstop=\count433
\c@deltayears=\count434
\xstart=\skip93
\xstop=\skip94
\unit=\skip95
\timelinewidth=\skip96
\timelinebox=\box145
) (/usr/local/texlive/2025/texmf-dist/tex/latex/inconsolata/inconsolata.sty
Package: inconsolata 2019/05/17 v1.12
 `inconsolata-zi4' v1.12, 2019/05/17 Text macros for Inconsolata (msharpe)
\zifour@ocount=\count435
) (/usr/local/texlive/2025/texmf-dist/tex/latex/datetime/datetime.sty
Package: datetime 2015/03/20 v2.60 Date Time Package
 (/usr/local/texlive/2025/texmf-dist/tex/latex/fmtcount/fmtcount.sty
Package: fmtcount 2025/02/09 v3.10 Displaying the values of LaTeX counters (NT,VB,NE)
 (/usr/local/texlive/2025/texmf-dist/tex/latex/base/ifthen.sty
Package: ifthen 2024/03/16 v1.1e Standard LaTeX ifthen package (DPC)
) (/usr/local/texlive/2025/texmf-dist/tex/latex/fmtcount/fcprefix.sty
Package: fcprefix 2012/09/28
 (/usr/local/texlive/2025/texmf-dist/tex/latex/fmtcount/fcnumparser.sty
Package: fcnumparser 2017/06/15
\fc@digit@counter=\count436
))
\c@padzeroesN=\count437
\fc@tmpcatcode=\count438
 (/usr/local/texlive/2025/texmf-dist/tex/latex/fmtcount/fc-english.def
File: fc-english.def 2016/01/12
) (/usr/local/texlive/2025/texmf-dist/tex/latex/fmtcount/fc-french.def
File: fc-french.def 2017/06/15
)
\@DT@modctr=\count439
\@ordinalctr=\count440
\@orgargctr=\count441
\@strctr=\count442
\@tmpstrctr=\count443
\@DT@loopN=\count444
\@DT@X=\count445
) (/usr/local/texlive/2025/texmf-dist/tex/latex/datetime/datetime-defaults.sty
Package: datetime-defaults 2013/09/10
)
\@day=\count446
\@month=\count447
\@year=\count448
\c@HOUR=\count449
\c@HOURXII=\count450
\c@MINUTE=\count451
\c@TOHOUR=\count452
\c@TOMINUTE=\count453
\c@SECOND=\count454
\currenthour=\count455
\currentminute=\count456
\currentsecond=\count457
Package datetime Info: No datetime.cfg file found, using default settings on input line 308.
\@dtctr=\count458
\dayofyear=\count459
\dayofweek=\count460
LaTeX Info: Redefining \today on input line 736.
 (/usr/local/texlive/2025/texmf-dist/tex/latex/datetime/dt-french.def
File: dt-french.def 2013/09/10
LaTeX Info: Redefining \datefrench on input line 91.
)
\dt@a=\toks59
\dt@b=\toks60
) (/usr/local/texlive/2025/texmf-dist/tex/latex/cancel/cancel.sty
Package: cancel 2013/04/12 v2.2 Cancel math terms
)
Requested font "Berkeley Mono" at 9.99997pt
 -> ^^^^_%^^^^T^^Z
Requested font "Berkeley Mono/OT" at 10.00003pt
 -> ^^ ^^_%^^^^T^^Z
Requested font "Berkeley Mono/OT:script=latn;language=dflt;" at 10.00002pt
 -> @ %^^^^T^^Z
Requested font "Berkeley Mono/BI/OT:script=latn;language=dflt;" at 10.00002pt
 -> @ %^^^^T^^Z
Requested font "Berkeley Mono/OT:script=latn;language=dflt;" at 10.00002pt
 -> @ %^^^^T^^Z
Requested font "Berkeley Mono/B/OT:script=latn;language=dflt;" at 10.00002pt
 -> @ %^^^^T^^Z
Requested font "Berkeley Mono/OT:script=latn;language=dflt;" at 10.00002pt
 -> @ %^^^^T^^Z
Requested font "Berkeley Mono/I/OT:script=latn;language=dflt;" at 10.00002pt
 -> @ %^^^^T^^Z
Requested font "Berkeley Mono/OT:script=latn;language=dflt;" at 10.00003pt
 -> @ %^^^^T^^Z
Requested font "Berkeley Mono/OT:script=latn;language=dflt;" at 10.00003pt
 -> @ %^^^^T^^Z
Requested font "Berkeley Mono/B/OT:script=latn;language=dflt;" at 10.00003pt
 -> @ %^^^^T^^Z
Requested font "Berkeley Mono/B/OT:script=latn;language=dflt;" at 10.00003pt
 -> @ %^^^^T^^Z
Requested font "Berkeley Mono/I/OT:script=latn;language=dflt;" at 10.00003pt
 -> @ %^^^^T^^Z
Requested font "Berkeley Mono/I/OT:script=latn;language=dflt;" at 10.00003pt
 -> @ %^^^^T^^Z
Requested font "Berkeley Mono/BI/OT:script=latn;language=dflt;" at 10.00003pt
 -> @ %^^^^T^^Z
Requested font "Berkeley Mono/BI/OT:script=latn;language=dflt;" at 10.00003pt
 -> @ %^^^^T^^Z
 (/usr/local/texlive/2025/texmf-dist/tex/latex/tcolorbox/tcolorbox.sty
Package: tcolorbox 2024/10/22 version 6.4.1 text color boxes
 (/usr/local/texlive/2025/texmf-dist/tex/latex/tools/verbatim.sty
Package: verbatim 2024-01-22 v1.5x LaTeX2e package for verbatim enhancements
\every@verbatim=\toks61
\verbatim@line=\toks62
\verbatim@in@stream=\read4
) (/usr/local/texlive/2025/texmf-dist/tex/latex/environ/environ.sty
Package: environ 2014/05/04 v0.3 A new way to define environments
 (/usr/local/texlive/2025/texmf-dist/tex/latex/trimspaces/trimspaces.sty
Package: trimspaces 2009/09/17 v1.1 Trim spaces around a token list
))
\tcb@titlebox=\box146
\tcb@upperbox=\box147
\tcb@lowerbox=\box148
\tcb@phantombox=\box149
\c@tcbbreakpart=\count461
\c@tcblayer=\count462
\c@tcolorbox@number=\count463
\l__tcobox_tmpa_box=\box150
\l__tcobox_tmpa_dim=\dimen414
\tcb@temp=\box151
\tcb@temp=\box152
\tcb@temp=\box153
\tcb@temp=\box154
 (/usr/local/texlive/2025/texmf-dist/tex/latex/tcolorbox/tcbraster.code.tex
Library (tcolorbox): 'tcbraster.code.tex' version '6.4.1'
\c@tcbrastercolumn=\count464
\c@tcbrasterrow=\count465
\c@tcbrasternum=\count466
\c@tcbraster=\count467
) (/usr/local/texlive/2025/texmf-dist/tex/latex/tcolorbox/tcbskins.code.tex
Library (tcolorbox): 'tcbskins.code.tex' version '6.4.1'
(/usr/local/texlive/2025/texmf-dist/tex/latex/tikzfill/tikzfill.image.sty
Package: tikzfill.image 2023/08/08 v1.0.1 Image filling library for TikZ
 (/usr/local/texlive/2025/texmf-dist/tex/latex/tikzfill/tikzfill-common.sty
Package: tikzfill-common 2023/08/08 v1.0.1 Auxiliary code for tikzfill
) (/usr/local/texlive/2025/texmf-dist/tex/latex/tikzfill/tikzlibraryfill.image.code.tex
File: tikzlibraryfill.image.code.tex 2023/08/08 v1.0.1 Image filling library
\l__tikzfill_img_box=\box155
)) (/usr/local/texlive/2025/texmf-dist/tex/latex/tcolorbox/tcbskinsjigsaw.code.tex
Library (tcolorbox): 'tcbskinsjigsaw.code.tex' version '6.4.1'
)) (/usr/local/texlive/2025/texmf-dist/tex/latex/tcolorbox/tcbbreakable.code.tex
Library (tcolorbox): 'tcbbreakable.code.tex' version '6.4.1'
(/usr/local/texlive/2025/texmf-dist/tex/latex/pdfcol/pdfcol.sty
Package: pdfcol 2022-09-21 v1.7 Handle new color stacks for pdfTeX (HO)
Package pdfcol Info: Interface disabled because of missing PDF mode of pdfTeX.
)
Package pdfcol Info: pdfTeX's color stacks are not available.
\tcb@testbox=\box156
\tcb@totalupperbox=\box157
\tcb@totallowerbox=\box158
) (/usr/local/texlive/2025/texmf-dist/tex/latex/tcolorbox/tcbhooks.code.tex
Library (tcolorbox): 'tcbhooks.code.tex' version '6.4.1'
) (/usr/local/texlive/2025/texmf-dist/tex/latex/tcolorbox/tcbtheorems.code.tex
Library (tcolorbox): 'tcbtheorems.code.tex' version '6.4.1'
) (/usr/local/texlive/2025/texmf-dist/tex/latex/tcolorbox/tcbfitting.code.tex
Library (tcolorbox): 'tcbfitting.code.tex' version '6.4.1'
\tcbfitdim=\dimen415
\tcb@lowerfitdim=\dimen416
\tcb@upperfitdim=\dimen417
\tcb@cur@hbadness=\count468
) (/usr/local/texlive/2025/texmf-dist/tex/latex/tcolorbox/tcblistingsutf8.code.tex
Library (tcolorbox): 'tcblistingsutf8.code.tex' version '6.4.1'
(/usr/local/texlive/2025/texmf-dist/tex/latex/tcolorbox/tcblistings.code.tex
Library (tcolorbox): 'tcblistings.code.tex' version '6.4.1'
(/usr/local/texlive/2025/texmf-dist/tex/latex/listings/listings.sty
\lst@mode=\count469
\lst@gtempboxa=\box159
\lst@token=\toks63
\lst@length=\count470
\lst@currlwidth=\dimen418
\lst@column=\count471
\lst@pos=\count472
\lst@lostspace=\dimen419
\lst@width=\dimen420
\lst@newlines=\count473
\lst@lineno=\count474
\lst@maxwidth=\dimen421
 (/usr/local/texlive/2025/texmf-dist/tex/latex/listings/lstpatch.sty
File: lstpatch.sty 2024/09/23 1.10c (Carsten Heinz)
) (/usr/local/texlive/2025/texmf-dist/tex/latex/listings/lstmisc.sty
File: lstmisc.sty 2024/09/23 1.10c (Carsten Heinz)
\c@lstnumber=\count475
\lst@skipnumbers=\count476
\lst@framebox=\box160
) (/usr/local/texlive/2025/texmf-dist/tex/latex/listings/listings.cfg
File: listings.cfg 2024/09/23 1.10c listings configuration
))
Package: listings 2024/09/23 1.10c (Carsten Heinz)
 (/usr/local/texlive/2025/texmf-dist/tex/latex/tcolorbox/tcblistingscore.code.tex
Library (tcolorbox): 'tcblistingscore.code.tex' version '6.4.1'
(/usr/local/texlive/2025/texmf-dist/tex/latex/tcolorbox/tcbprocessing.code.tex
Library (tcolorbox): 'tcbprocessing.code.tex' version '6.4.1'
)
\c@tcblisting=\count477
))
Package tcolorbox Info: Library `listingsutf8' is compatible with pdftex only. Library `listings` is loaded instead. on input line 29.
) (/usr/local/texlive/2025/texmf-dist/tex/latex/tcolorbox/tcbexternal.code.tex
Library (tcolorbox): 'tcbexternal.code.tex' version '6.4.1'
) (/usr/local/texlive/2025/texmf-dist/tex/latex/tcolorbox/tcbmagazine.code.tex
Library (tcolorbox): 'tcbmagazine.code.tex' version '6.4.1'
) (/usr/local/texlive/2025/texmf-dist/tex/latex/tcolorbox/tcbvignette.code.tex
Library (tcolorbox): 'tcbvignette.code.tex' version '6.4.1'
(/usr/local/texlive/2025/texmf-dist/tex/generic/pgf/frontendlayer/tikz/libraries/tikzlibraryfadings.code.tex
File: tikzlibraryfadings.code.tex 2023-01-15 v3.1.10 (3.1.10)
 (/usr/local/texlive/2025/texmf-dist/tex/generic/pgf/libraries/pgflibraryfadings.code.tex
File: pgflibraryfadings.code.tex 2023-01-15 v3.1.10 (3.1.10)
))) (/usr/local/texlive/2025/texmf-dist/tex/latex/tcolorbox/tcbposter.code.tex
Library (tcolorbox): 'tcbposter.code.tex' version '6.4.1'
)) (/usr/local/texlive/2025/texmf-dist/tex/generic/hologo/hologo.sty
Package: hologo 2021-11-16 v1.15 A logo collection with bookmark support (HO)
) (/usr/local/texlive/2025/texmf-dist/tex/latex/tipa/tipa.sty
Package: tipa 2002/08/08 TIPA version 1.1
 (/usr/local/texlive/2025/texmf-dist/tex/latex/base/fontenc.sty
Package: fontenc 2021/04/29 v2.0v Standard LaTeX package
 (/usr/local/texlive/2025/texmf-dist/tex/latex/tipa/t3enc.def
File: t3enc.def 2001/12/31 T3 encoding
LaTeX Font Info:    Font shape `TU/LibertinusSans(0)/m/sl' will be
(Font)              scaled to size 10.0pt on input line 316.
Requested font "[LibertinusSans-Regular.otf]/OT:script=latn;language=dflt;slant=0.2;+hv-kern;+tnum;+lnum;mapping=tex-text;" at 10.0pt
 -> /usr/local/texlive/2025/texmf-dist/fonts/opentype/public/libertinus-fonts/LibertinusSans-Regular.otf
LaTeX Font Info:    Font shape `TU/LibertinusSans(0)/m/it' will be
(Font)              scaled to size 10.0pt on input line 316.
Requested font "[LibertinusSans-Italic.otf]/OT:script=latn;language=dflt;+hv-kern;+tnum;+lnum;mapping=tex-text;" at 10.0pt
 -> /usr/local/texlive/2025/texmf-dist/fonts/opentype/public/libertinus-fonts/LibertinusSans-Italic.otf
LaTeX Font Info:    Font shape `TU/LibertinusSans(0)/b/n' will be
(Font)              scaled to size 10.0pt on input line 356.
Requested font "[LibertinusSans-Bold.otf]/OT:script=latn;language=dflt;+hv-kern;+tnum;+lnum;mapping=tex-text;" at 10.0pt
 -> /usr/local/texlive/2025/texmf-dist/fonts/opentype/public/libertinus-fonts/LibertinusSans-Bold.otf
))) (/usr/local/texlive/2025/texmf-dist/tex/latex/beamer/beamerthemeboxes.sty
\beamer@boxheadheight=\dimen422
\beamer@boxfootheight=\dimen423
\beamer@headboxes=\count478
\beamer@headboxsizes=\dimen424
\beamer@currentbox=\count479
\beamer@footboxes=\count480
\beamer@footboxsizes=\dimen425
) (/usr/local/texlive/2025/texmf-dist/tex/latex/comment/comment.sty
\CommentStream=\write5
 Excluding comment 'comment')) (/Users/gdgarcia/Library/CloudStorage/Dropbox/Academia/Teaching/Laval/phonologie_2/Diapos/9-TO-1/.texpadtmp/LNG3100-9-TO1.aux)
\openout1 = `LNG3100-9-TO1.aux'.

LaTeX Font Info:    Checking defaults for OML/cmm/m/it on input line 41.
LaTeX Font Info:    ... okay on input line 41.
LaTeX Font Info:    Checking defaults for OMS/cmsy/m/n on input line 41.
LaTeX Font Info:    ... okay on input line 41.
LaTeX Font Info:    Checking defaults for OT1/cmr/m/n on input line 41.
LaTeX Font Info:    ... okay on input line 41.
LaTeX Font Info:    Checking defaults for T1/cmr/m/n on input line 41.
LaTeX Font Info:    ... okay on input line 41.
LaTeX Font Info:    Checking defaults for TS1/cmr/m/n on input line 41.
LaTeX Font Info:    ... okay on input line 41.
LaTeX Font Info:    Checking defaults for TU/lmr/m/n on input line 41.
LaTeX Font Info:    ... okay on input line 41.
LaTeX Font Info:    Checking defaults for OMX/cmex/m/n on input line 41.
LaTeX Font Info:    ... okay on input line 41.
LaTeX Font Info:    Checking defaults for U/cmr/m/n on input line 41.
LaTeX Font Info:    ... okay on input line 41.
LaTeX Font Info:    Checking defaults for PD1/pdf/m/n on input line 41.
LaTeX Font Info:    ... okay on input line 41.
LaTeX Font Info:    Checking defaults for PU/pdf/m/n on input line 41.
LaTeX Font Info:    ... okay on input line 41.
LaTeX Font Info:    Checking defaults for LGR/cmr/m/n on input line 41.
LaTeX Font Info:    Trying to load font information for LGR+cmr on input line 41.
 (/usr/local/texlive/2025/texmf-dist/tex/latex/cbfonts-fd/lgrcmr.fd
File: lgrcmr.fd 2017/07/29 v1.2 Greek European Computer Regular
)
LaTeX Font Info:    ... okay on input line 41.
LaTeX Font Info:    Checking defaults for T3/cmr/m/n on input line 41.
LaTeX Font Info:    Trying to load font information for T3+cmr on input line 41.
 (/usr/local/texlive/2025/texmf-dist/tex/latex/tipa/t3cmr.fd
File: t3cmr.fd 2001/12/31 TIPA font definitions
)
LaTeX Font Info:    ... okay on input line 41.

*geometry* driver: auto-detecting
*geometry* detected driver: xetex
*geometry* verbose mode - [ preamble ] result:
* driver: xetex
* paper: custom
* layout: <same size as paper>
* layoutoffset:(h,v)=(0.0pt,0.0pt)
* modes: includehead includefoot 
* h-part:(L,W,R)=(28.45274pt, 398.3386pt, 28.45274pt)
* v-part:(T,H,B)=(0.0pt, 256.0748pt, 0.0pt)
* \paperwidth=455.24408pt
* \paperheight=256.0748pt
* \textwidth=398.3386pt
* \textheight=227.62207pt
* \oddsidemargin=-43.81725pt
* \evensidemargin=-43.81725pt
* \topmargin=-72.26999pt
* \headheight=14.22636pt
* \headsep=0.0pt
* \topskip=10.0pt
* \footskip=14.22636pt
* \marginparwidth=3.0pt
* \marginparsep=11.0pt
* \columnsep=10.0pt
* \skip\footins=9.0pt plus 4.0pt minus 2.0pt
* \hoffset=0.0pt
* \voffset=0.0pt
* \mag=1000
* \@twocolumnfalse
* \@twosidefalse
* \@mparswitchfalse
* \@reversemarginfalse
* (1in=72.27pt=25.4mm, 1cm=28.453pt)

Package hyperref Info: Link coloring OFF on input line 41.
(/Users/gdgarcia/Library/CloudStorage/Dropbox/Academia/Teaching/Laval/phonologie_2/Diapos/9-TO-1/.texpadtmp/LNG3100-9-TO1.out) (/Users/gdgarcia/Library/CloudStorage/Dropbox/Academia/Teaching/Laval/phonologie_2/Diapos/9-TO-1/.texpadtmp/LNG3100-9-TO1.out)
\@outlinefile=\write6
\openout6 = `LNG3100-9-TO1.out'.

 (/usr/local/texlive/2025/texmf-dist/tex/latex/translator/translator-basic-dictionary-English.dict
Dictionary: translator-basic-dictionary, Language: English 
) (/usr/local/texlive/2025/texmf-dist/tex/latex/translator/translator-bibliography-dictionary-English.dict
Dictionary: translator-bibliography-dictionary, Language: English 
) (/usr/local/texlive/2025/texmf-dist/tex/latex/translator/translator-environment-dictionary-English.dict
Dictionary: translator-environment-dictionary, Language: English 
) (/usr/local/texlive/2025/texmf-dist/tex/latex/translator/translator-months-dictionary-English.dict
Dictionary: translator-months-dictionary, Language: English 
) (/usr/local/texlive/2025/texmf-dist/tex/latex/translator/translator-numbers-dictionary-English.dict
Dictionary: translator-numbers-dictionary, Language: English 
) (/usr/local/texlive/2025/texmf-dist/tex/latex/translator/translator-theorem-dictionary-English.dict
Dictionary: translator-theorem-dictionary, Language: English 
)
LaTeX Info: Redefining \up on input line 41.
Package caption Info: Begin \AtBeginDocument code.
Package caption Info: listings package is loaded.
Package caption Info: End \AtBeginDocument code.


Package unicode-math Warning: Using \overbracket and \underbracket from
(unicode-math)                `mathtools' package.
(unicode-math)                 
(unicode-math)                 Use \Uoverbracket and \Uunderbracket for
(unicode-math)                original `unicode-math' definition.


Package unicode-math Warning: I'm going to overwrite the following commands
(unicode-math)                from the `mathtools' package: 
(unicode-math)                 
(unicode-math)                     \dblcolon, \coloneqq, \Coloneqq, \eqqcolon.
(unicode-math)                
(unicode-math)                 
(unicode-math)                 Note that since I won't overwrite the other
(unicode-math)                colon-like commands, using them will lead to
(unicode-math)                inconsistencies.

(/usr/local/texlive/2025/texmf-dist/tex/latex/upquote/upquote.sty
Package: upquote 2012/04/19 v1.3 upright-quote and grave-accent glyphs in verbatim
)
\c@lstlisting=\count481
 (/Users/gdgarcia/Library/CloudStorage/Dropbox/Academia/Teaching/Laval/phonologie_2/Diapos/9-TO-1/.texpadtmp/LNG3100-9-TO1.nav)
LaTeX Font Info:    Font shape `TU/LibertinusSans(0)/m/n' will be
(Font)              scaled to size 5.0pt on input line 41.
Requested font "[LibertinusSans-Regular.otf]/OT:script=latn;language=dflt;+hv-kern;+tnum;+lnum;mapping=tex-text;" at 5.0pt
 -> /usr/local/texlive/2025/texmf-dist/fonts/opentype/public/libertinus-fonts/LibertinusSans-Regular.otf
LaTeX Font Info:    Font shape `TU/LibertinusSans(0)/m/n' will be
(Font)              scaled to size 14.4pt on input line 57.
Requested font "[LibertinusSans-Regular.otf]/OT:script=latn;language=dflt;+hv-kern;+tnum;+lnum;mapping=tex-text;" at 14.4pt
 -> /usr/local/texlive/2025/texmf-dist/fonts/opentype/public/libertinus-fonts/LibertinusSans-Regular.otf
LaTeX Font Info:    Font shape `TU/LibertinusSans(0)/b/n' will be
(Font)              scaled to size 14.4pt on input line 57.
Requested font "[LibertinusSans-Bold.otf]/OT:script=latn;language=dflt;+hv-kern;+tnum;+lnum;mapping=tex-text;" at 14.4pt
 -> /usr/local/texlive/2025/texmf-dist/fonts/opentype/public/libertinus-fonts/LibertinusSans-Bold.otf
LaTeX Font Info:    Font shape `TU/LibertinusSans(0)/m/n' will be
(Font)              scaled to size 7.0pt on input line 57.
Requested font "[LibertinusSans-Regular.otf]/OT:script=latn;language=dflt;+hv-kern;+tnum;+lnum;mapping=tex-text;" at 7.0pt
 -> /usr/local/texlive/2025/texmf-dist/fonts/opentype/public/libertinus-fonts/LibertinusSans-Regular.otf
Requested font "[LibertinusMath-Regular.otf]/OT:script=math;language=dflt;+ssty=0;" at 7.0pt
 -> /usr/local/texlive/2025/texmf-dist/fonts/opentype/public/libertinus-fonts/LibertinusMath-Regular.otf
Requested font "[LibertinusMath-Regular.otf]/OT:script=math;language=dflt;+ssty=1;" at 5.0pt
 -> /usr/local/texlive/2025/texmf-dist/fonts/opentype/public/libertinus-fonts/LibertinusMath-Regular.otf
LaTeX Font Info:    Font shape `TU/LibertinusMath-Regular.otf(2)/m/n' will be
(Font)              scaled to size 7.00075pt on input line 57.
Requested font "[LibertinusMath-Regular.otf]/OT:script=math;language=dflt;+ssty=0;" at 7.00075pt
 -> /usr/local/texlive/2025/texmf-dist/fonts/opentype/public/libertinus-fonts/LibertinusMath-Regular.otf
LaTeX Font Info:    Font shape `TU/LibertinusMath-Regular.otf(2)/m/n' will be
(Font)              scaled to size 5.00053pt on input line 57.
Requested font "[LibertinusMath-Regular.otf]/OT:script=math;language=dflt;+ssty=1;" at 5.00053pt
 -> /usr/local/texlive/2025/texmf-dist/fonts/opentype/public/libertinus-fonts/LibertinusMath-Regular.otf
LaTeX Font Info:    Font shape `TU/LibertinusMath-Regular.otf(3)/m/n' will be
(Font)              scaled to size 6.99925pt on input line 57.
Requested font "[LibertinusMath-Regular.otf]/OT:script=math;language=dflt;+ssty=0;" at 6.99925pt
 -> /usr/local/texlive/2025/texmf-dist/fonts/opentype/public/libertinus-fonts/LibertinusMath-Regular.otf
LaTeX Font Info:    Font shape `TU/LibertinusMath-Regular.otf(3)/m/n' will be
(Font)              scaled to size 4.99947pt on input line 57.
Requested font "[LibertinusMath-Regular.otf]/OT:script=math;language=dflt;+ssty=1;" at 4.99947pt
 -> /usr/local/texlive/2025/texmf-dist/fonts/opentype/public/libertinus-fonts/LibertinusMath-Regular.otf
LaTeX Font Info:    Trying to load font information for U+msa on input line 57.
 (/usr/local/texlive/2025/texmf-dist/tex/latex/amsfonts/umsa.fd
File: umsa.fd 2013/01/14 v3.01 AMS symbols A
)
Requested font "msam7" at 7.0pt
 -> /usr/local/texlive/2025/texmf-dist/fonts/tfm/public/amsfonts/symbols/msam7.tfm
Requested font "msam5" at 5.0pt
 -> /usr/local/texlive/2025/texmf-dist/fonts/tfm/public/amsfonts/symbols/msam5.tfm
LaTeX Font Info:    Trying to load font information for U+msb on input line 57.
 (/usr/local/texlive/2025/texmf-dist/tex/latex/amsfonts/umsb.fd
File: umsb.fd 2013/01/14 v3.01 AMS symbols B
)
Requested font "msbm7" at 7.0pt
 -> /usr/local/texlive/2025/texmf-dist/fonts/tfm/public/amsfonts/symbols/msbm7.tfm
Requested font "msbm5" at 5.0pt
 -> /usr/local/texlive/2025/texmf-dist/fonts/tfm/public/amsfonts/symbols/msbm5.tfm
File: laval.png Graphic file (type bmp)
<laval.png>


LaTeX Font Info:    Font shape `TU/LibertinusSans(0)/m/n' will be
(Font)              scaled to size 4.0pt on input line 57.
Requested font "[LibertinusSans-Regular.otf]/OT:script=latn;language=dflt;+hv-kern;+tnum;+lnum;mapping=tex-text;" at 4.0pt
 -> /usr/local/texlive/2025/texmf-dist/fonts/opentype/public/libertinus-fonts/LibertinusSans-Regular.otf
[1

]
Overfull \hbox (15.66092pt too wide) in paragraph at lines 91--91
[][]  
 []

LaTeX Font Info:    Font shape `TU/LibertinusSans(0)/b/n' will be
(Font)              scaled to size 8.0pt on input line 91.
Requested font "[LibertinusSans-Bold.otf]/OT:script=latn;language=dflt;+hv-kern;+tnum;+lnum;mapping=tex-text;" at 8.0pt
 -> /usr/local/texlive/2025/texmf-dist/fonts/opentype/public/libertinus-fonts/LibertinusSans-Bold.otf


[2

]
LaTeX Font Info:    Font shape `TU/LibertinusSans(0)/m/sc' will be
(Font)              scaled to size 10.0pt on input line 109.
Requested font "[LibertinusSans-Regular.otf]/OT:script=latn;language=dflt;+hv-kern;+tnum;+lnum;+smcp;mapping=tex-text;" at 10.0pt
 -> /usr/local/texlive/2025/texmf-dist/fonts/opentype/public/libertinus-fonts/LibertinusSans-Regular.otf


[3

]
Requested font "[LibertinusMath-Regular.otf]/OT:script=math;language=dflt;+ssty=0;" at 8.0pt
 -> /usr/local/texlive/2025/texmf-dist/fonts/opentype/public/libertinus-fonts/LibertinusMath-Regular.otf
Requested font "[LibertinusMath-Regular.otf]/OT:script=math;language=dflt;+ssty=1;" at 6.0pt
 -> /usr/local/texlive/2025/texmf-dist/fonts/opentype/public/libertinus-fonts/LibertinusMath-Regular.otf
Requested font "cmmi8" at 8.0pt
 -> /usr/local/texlive/2025/texmf-dist/fonts/tfm/public/cm/cmmi8.tfm
Requested font "cmmi6" at 6.0pt
 -> /usr/local/texlive/2025/texmf-dist/fonts/tfm/public/cm/cmmi6.tfm
LaTeX Font Info:    Font shape `TU/LibertinusMath-Regular.otf(2)/m/n' will be
(Font)              scaled to size 10.00107pt on input line 124.
Requested font "[LibertinusMath-Regular.otf]/OT:script=math;language=dflt;" at 10.00107pt
 -> /usr/local/texlive/2025/texmf-dist/fonts/opentype/public/libertinus-fonts/LibertinusMath-Regular.otf
LaTeX Font Info:    Font shape `TU/LibertinusMath-Regular.otf(2)/m/n' will be
(Font)              scaled to size 8.00085pt on input line 124.
Requested font "[LibertinusMath-Regular.otf]/OT:script=math;language=dflt;+ssty=0;" at 8.00085pt
 -> /usr/local/texlive/2025/texmf-dist/fonts/opentype/public/libertinus-fonts/LibertinusMath-Regular.otf
LaTeX Font Info:    Font shape `TU/LibertinusMath-Regular.otf(2)/m/n' will be
(Font)              scaled to size 6.00064pt on input line 124.
Requested font "[LibertinusMath-Regular.otf]/OT:script=math;language=dflt;+ssty=1;" at 6.00064pt
 -> /usr/local/texlive/2025/texmf-dist/fonts/opentype/public/libertinus-fonts/LibertinusMath-Regular.otf
LaTeX Font Info:    Font shape `TU/LibertinusMath-Regular.otf(3)/m/n' will be
(Font)              scaled to size 9.99893pt on input line 124.
Requested font "[LibertinusMath-Regular.otf]/OT:script=math;language=dflt;" at 9.99893pt
 -> /usr/local/texlive/2025/texmf-dist/fonts/opentype/public/libertinus-fonts/LibertinusMath-Regular.otf
LaTeX Font Info:    Font shape `TU/LibertinusMath-Regular.otf(3)/m/n' will be
(Font)              scaled to size 7.99915pt on input line 124.
Requested font "[LibertinusMath-Regular.otf]/OT:script=math;language=dflt;+ssty=0;" at 7.99915pt
 -> /usr/local/texlive/2025/texmf-dist/fonts/opentype/public/libertinus-fonts/LibertinusMath-Regular.otf
LaTeX Font Info:    Font shape `TU/LibertinusMath-Regular.otf(3)/m/n' will be
(Font)              scaled to size 5.99936pt on input line 124.
Requested font "[LibertinusMath-Regular.otf]/OT:script=math;language=dflt;+ssty=1;" at 5.99936pt
 -> /usr/local/texlive/2025/texmf-dist/fonts/opentype/public/libertinus-fonts/LibertinusMath-Regular.otf
Requested font "msam10" at 10.0pt
 -> /usr/local/texlive/2025/texmf-dist/fonts/tfm/public/amsfonts/symbols/msam10.tfm
Requested font "msam10" at 8.0pt
 -> /usr/local/texlive/2025/texmf-dist/fonts/tfm/public/amsfonts/symbols/msam10.tfm
Requested font "msam7" at 6.0pt
 -> /usr/local/texlive/2025/texmf-dist/fonts/tfm/public/amsfonts/symbols/msam7.tfm
Requested font "msbm10" at 10.0pt
 -> /usr/local/texlive/2025/texmf-dist/fonts/tfm/public/amsfonts/symbols/msbm10.tfm
Requested font "msbm10" at 8.0pt
 -> /usr/local/texlive/2025/texmf-dist/fonts/tfm/public/amsfonts/symbols/msbm10.tfm
Requested font "msbm7" at 6.0pt
 -> /usr/local/texlive/2025/texmf-dist/fonts/tfm/public/amsfonts/symbols/msbm7.tfm
LaTeX Font Info:    Font shape `TU/LibertinusSans(0)/m/n' will be
(Font)              scaled to size 8.0pt on input line 124.
Requested font "[LibertinusSans-Regular.otf]/OT:script=latn;language=dflt;+hv-kern;+tnum;+lnum;mapping=tex-text;" at 8.0pt
 -> /usr/local/texlive/2025/texmf-dist/fonts/opentype/public/libertinus-fonts/LibertinusSans-Regular.otf
LaTeX Font Info:    Font shape `TU/LibertinusSans(0)/m/n' will be
(Font)              scaled to size 6.0pt on input line 124.
Requested font "[LibertinusSans-Regular.otf]/OT:script=latn;language=dflt;+hv-kern;+tnum;+lnum;mapping=tex-text;" at 6.0pt
 -> /usr/local/texlive/2025/texmf-dist/fonts/opentype/public/libertinus-fonts/LibertinusSans-Regular.otf
Requested font "[LibertinusMath-Regular.otf]/OT:script=math;language=dflt;" at 14.4pt
 -> /usr/local/texlive/2025/texmf-dist/fonts/opentype/public/libertinus-fonts/LibertinusMath-Regular.otf
Requested font "cmmi12" at 14.4pt
 -> /usr/local/texlive/2025/texmf-dist/fonts/tfm/public/cm/cmmi12.tfm
LaTeX Font Info:    Font shape `TU/LibertinusMath-Regular.otf(2)/m/n' will be
(Font)              scaled to size 14.40152pt on input line 124.
Requested font "[LibertinusMath-Regular.otf]/OT:script=math;language=dflt;" at 14.40152pt
 -> /usr/local/texlive/2025/texmf-dist/fonts/opentype/public/libertinus-fonts/LibertinusMath-Regular.otf
LaTeX Font Info:    Font shape `TU/LibertinusMath-Regular.otf(3)/m/n' will be
(Font)              scaled to size 14.39845pt on input line 124.
Requested font "[LibertinusMath-Regular.otf]/OT:script=math;language=dflt;" at 14.39845pt
 -> /usr/local/texlive/2025/texmf-dist/fonts/opentype/public/libertinus-fonts/LibertinusMath-Regular.otf
Requested font "msam10" at 14.4pt
 -> /usr/local/texlive/2025/texmf-dist/fonts/tfm/public/amsfonts/symbols/msam10.tfm
Requested font "msbm10" at 14.4pt
 -> /usr/local/texlive/2025/texmf-dist/fonts/tfm/public/amsfonts/symbols/msbm10.tfm


[4

]
LaTeX Font Info:    Trying to load font information for TU+cmr on input line 192.
LaTeX Font Info:    No file TUcmr.fd. on input line 192.


LaTeX Font Warning: Font shape `TU/cmr/m/n' undefined
(Font)              using `TU/lmr/m/n' instead on input line 192.

Requested font "[lmroman8-regular]:mapping=tex-text;" at 8.0pt
 -> /usr/local/texlive/2025/texmf-dist/fonts/opentype/public/lm/lmroman8-regular.otf

LaTeX Font Warning: Font shape `TU/cmr/b/n' undefined
(Font)              using `TU/cmr/m/n' instead on input line 192.

LaTeX Font Info:    Font shape `TU/LibertinusSans(0)/m/sc' will be
(Font)              scaled to size 8.0pt on input line 192.
Requested font "[LibertinusSans-Regular.otf]/OT:script=latn;language=dflt;+hv-kern;+tnum;+lnum;+smcp;mapping=tex-text;" at 8.0pt
 -> /usr/local/texlive/2025/texmf-dist/fonts/opentype/public/libertinus-fonts/LibertinusSans-Regular.otf

LaTeX Font Warning: Font shape `TU/cmr/m/it' undefined
(Font)              using `TU/cmr/m/n' instead on input line 192.

LaTeX Font Info:    Font shape `TU/LibertinusSans(0)/m/it' will be
(Font)              scaled to size 8.0pt on input line 192.
Requested font "[LibertinusSans-Italic.otf]/OT:script=latn;language=dflt;+hv-kern;+tnum;+lnum;mapping=tex-text;" at 8.0pt
 -> /usr/local/texlive/2025/texmf-dist/fonts/opentype/public/libertinus-fonts/LibertinusSans-Italic.otf
LaTeX Font Info:    Font shape `TU/LibertinusSans(0)/b/it' will be
(Font)              scaled to size 8.0pt on input line 192.
Requested font "[LibertinusSans-Italic.otf]/OT:script=latn;language=dflt;+hv-kern;+tnum;+lnum;embolden=3;mapping=tex-text;" at 8.0pt
 -> /usr/local/texlive/2025/texmf-dist/fonts/opentype/public/libertinus-fonts/LibertinusSans-Italic.otf
LaTeX Font Info:    Font shape `TU/LibertinusSans(0)/m/sc' will be
(Font)              scaled to size 7.0pt on input line 192.
Requested font "[LibertinusSans-Regular.otf]/OT:script=latn;language=dflt;+hv-kern;+tnum;+lnum;+smcp;mapping=tex-text;" at 7.0pt
 -> /usr/local/texlive/2025/texmf-dist/fonts/opentype/public/libertinus-fonts/LibertinusSans-Regular.otf
Requested font "[LibertinusSans-Regular.otf]/OT:script=latn;language=dflt;+hv-kern;+tnum;+lnum;+smcp;mapping=tex-text;" at 5.0pt
 -> /usr/local/texlive/2025/texmf-dist/fonts/opentype/public/libertinus-fonts/LibertinusSans-Regular.otf


[5

]

[6

]
Requested font "tipa10" at 10.0pt
 -> /usr/local/texlive/2025/texmf-dist/fonts/tfm/public/tipa/tipa10.tfm


[7

]

[8

]

[9

]

[10

]

[11

]
LaTeX Font Info:    Font shape `TU/LibertinusSans(0)/m/n' will be
(Font)              scaled to size 9.0pt on input line 405.
Requested font "[LibertinusSans-Regular.otf]/OT:script=latn;language=dflt;+hv-kern;+tnum;+lnum;mapping=tex-text;" at 9.0pt
 -> /usr/local/texlive/2025/texmf-dist/fonts/opentype/public/libertinus-fonts/LibertinusSans-Regular.otf
Requested font "[LibertinusMath-Regular.otf]/OT:script=math;language=dflt;" at 9.0pt
 -> /usr/local/texlive/2025/texmf-dist/fonts/opentype/public/libertinus-fonts/LibertinusMath-Regular.otf
Requested font "cmmi9" at 9.0pt
 -> /usr/local/texlive/2025/texmf-dist/fonts/tfm/public/cm/cmmi9.tfm
LaTeX Font Info:    Font shape `TU/LibertinusMath-Regular.otf(2)/m/n' will be
(Font)              scaled to size 9.00096pt on input line 405.
Requested font "[LibertinusMath-Regular.otf]/OT:script=math;language=dflt;" at 9.00096pt
 -> /usr/local/texlive/2025/texmf-dist/fonts/opentype/public/libertinus-fonts/LibertinusMath-Regular.otf
LaTeX Font Info:    Font shape `TU/LibertinusMath-Regular.otf(3)/m/n' will be
(Font)              scaled to size 8.99904pt on input line 405.
Requested font "[LibertinusMath-Regular.otf]/OT:script=math;language=dflt;" at 8.99904pt
 -> /usr/local/texlive/2025/texmf-dist/fonts/opentype/public/libertinus-fonts/LibertinusMath-Regular.otf
Requested font "msam10" at 9.0pt
 -> /usr/local/texlive/2025/texmf-dist/fonts/tfm/public/amsfonts/symbols/msam10.tfm
Requested font "msbm10" at 9.0pt
 -> /usr/local/texlive/2025/texmf-dist/fonts/tfm/public/amsfonts/symbols/msbm10.tfm
LaTeX Font Info:    Font shape `TU/LibertinusSans(0)/m/it' will be
(Font)              scaled to size 9.0pt on input line 405.
Requested font "[LibertinusSans-Italic.otf]/OT:script=latn;language=dflt;+hv-kern;+tnum;+lnum;mapping=tex-text;" at 9.0pt
 -> /usr/local/texlive/2025/texmf-dist/fonts/opentype/public/libertinus-fonts/LibertinusSans-Italic.otf


[12

]

[13

]
LaTeX Font Info:    Font shape `TU/LibertinusSans(0)/m/sc' will be
(Font)              scaled to size 9.0pt on input line 486.
Requested font "[LibertinusSans-Regular.otf]/OT:script=latn;language=dflt;+hv-kern;+tnum;+lnum;+smcp;mapping=tex-text;" at 9.0pt
 -> /usr/local/texlive/2025/texmf-dist/fonts/opentype/public/libertinus-fonts/LibertinusSans-Regular.otf


[14

]

[15

]

[16

]

[17

]
LaTeX Font Info:    Font shape `TU/LibertinusSans(0)/m/it' will be
(Font)              scaled to size 6.0pt on input line 573.
Requested font "[LibertinusSans-Italic.otf]/OT:script=latn;language=dflt;+hv-kern;+tnum;+lnum;mapping=tex-text;" at 6.0pt
 -> /usr/local/texlive/2025/texmf-dist/fonts/opentype/public/libertinus-fonts/LibertinusSans-Italic.otf


[18

]
Requested font "tipa8" at 8.0pt
 -> /usr/local/texlive/2025/texmf-dist/fonts/tfm/public/tipa/tipa8.tfm
Requested font "pzdr" at 8.0pt
 -> /usr/local/texlive/2025/texmf-dist/fonts/tfm/adobe/zapfding/pzdr.tfm

Overfull \hbox (1.17216pt too wide) in paragraph at lines 616--616
 [] 
 []



[19

]
Overfull \hbox (1.17216pt too wide) in paragraph at lines 658--658
 [] 
 []



[20

]

[21

]

[22

]
Overfull \hbox (1.17216pt too wide) in paragraph at lines 797--797
 [] 
 []



[23

]
Overfull \hbox (1.17216pt too wide) in paragraph at lines 842--842
 [] 
 []



[24

]

[25

]
LaTeX Font Info:    Trying to load font information for T3+LibertinusSans(0) on input line 903.
LaTeX Font Info:    No file T3LibertinusSans(0).fd. on input line 903.


LaTeX Font Warning: Font shape `T3/LibertinusSans(0)/m/n' undefined
(Font)              using `T3/cmr/m/n' instead on input line 903.



[26

]

[27

] (/Users/gdgarcia/Library/CloudStorage/Dropbox/Academia/Teaching/Laval/phonologie_2/Diapos/9-TO-1/.texpadtmp/LNG3100-9-TO1.bbl)

[28

]

[29


]
\tf@nav=\write7
\openout7 = `LNG3100-9-TO1.nav'.

\tf@toc=\write8
\openout8 = `LNG3100-9-TO1.toc'.

\tf@snm=\write9
\openout9 = `LNG3100-9-TO1.snm'.

 (/Users/gdgarcia/Library/CloudStorage/Dropbox/Academia/Teaching/Laval/phonologie_2/Diapos/9-TO-1/.texpadtmp/LNG3100-9-TO1.aux)
 ***********
LaTeX2e <2024-11-01> patch level 2
L3 programming layer <2025-01-18>
 ***********


LaTeX Font Warning: Some font shapes were not available, defaults substituted.

Package rerunfilecheck Info: File `LNG3100-9-TO1.out' has not changed.
(rerunfilecheck)             Checksum: AEA4B6A8AE45636C75679C2F0DFA4493;93.
 ) 
Here is how much of TeX's memory you used:
 47324 strings out of 473832
 1002954 string characters out of 5729481
 1584346 words of memory out of 5000000
 69437 multiletter control sequences out of 15000+600000
 567577 words of font info for 145 fonts, out of 8000000 for 9000
 1348 hyphenation exceptions out of 8191
 140i,18n,159p,1043b,1250s stack positions out of 10000i,1000n,20000p,200000b,200000s

Output written on /Users/gdgarcia/Library/CloudStorage/Dropbox/Academia/Teaching/Laval/phonologie_2/Diapos/9-TO-1/.texpadtmp/LNG3100-9-TO1.pdf (29 pages).
